[2024-05-20T11:23:47.576+0000] {taskinstance.py:1083} INFO - Dependencies all met for <TaskInstance: op_mysql_example.create_new_table manual__2024-05-20T11:23:39.604166+00:00 [queued]>
[2024-05-20T11:23:47.619+0000] {taskinstance.py:1083} INFO - Dependencies all met for <TaskInstance: op_mysql_example.create_new_table manual__2024-05-20T11:23:39.604166+00:00 [queued]>
[2024-05-20T11:23:47.620+0000] {taskinstance.py:1279} INFO - 
--------------------------------------------------------------------------------
[2024-05-20T11:23:47.624+0000] {taskinstance.py:1280} INFO - Starting attempt 1 of 1
[2024-05-20T11:23:47.626+0000] {taskinstance.py:1281} INFO - 
--------------------------------------------------------------------------------
[2024-05-20T11:23:47.699+0000] {taskinstance.py:1300} INFO - Executing <Task(MySqlOperator): create_new_table> on 2024-05-20 11:23:39.604166+00:00
[2024-05-20T11:23:47.711+0000] {standard_task_runner.py:55} INFO - Started process 5094 to run task
[2024-05-20T11:23:47.715+0000] {standard_task_runner.py:82} INFO - Running: ['***', 'tasks', 'run', 'op_mysql_example', 'create_new_table', 'manual__2024-05-20T11:23:39.604166+00:00', '--job-id', '38', '--raw', '--subdir', 'DAGS_FOLDER/sql/select_data_mysql.py', '--cfg-path', '/tmp/tmpsrhb6acw']
[2024-05-20T11:23:47.834+0000] {standard_task_runner.py:83} INFO - Job 38: Subtask create_new_table
[2024-05-20T11:23:48.254+0000] {task_command.py:388} INFO - Running <TaskInstance: op_mysql_example.create_new_table manual__2024-05-20T11:23:39.604166+00:00 [running]> on host 92eda483e798
[2024-05-20T11:23:48.641+0000] {taskinstance.py:1507} INFO - Exporting the following env vars:
AIRFLOW_CTX_DAG_OWNER=***
AIRFLOW_CTX_DAG_ID=op_mysql_example
AIRFLOW_CTX_TASK_ID=create_new_table
AIRFLOW_CTX_EXECUTION_DATE=2024-05-20T11:23:39.604166+00:00
AIRFLOW_CTX_TRY_NUMBER=1
AIRFLOW_CTX_DAG_RUN_ID=manual__2024-05-20T11:23:39.604166+00:00
[2024-05-20T11:23:48.646+0000] {sql.py:254} INFO - Executing: CREATE TABLE IF NOT EXISTS students (student_id INT AUTO_INCREMENT PRIMARY KEY, name VARCHAR(256));
[2024-05-20T11:23:48.948+0000] {base.py:73} INFO - Using connection ID '***_conn' for task execution.
[2024-05-20T11:24:04.370+0000] {base.py:73} INFO - Using connection ID '***_conn' for task execution.
[2024-05-20T11:24:04.702+0000] {sql.py:375} INFO - Running statement: CREATE TABLE IF NOT EXISTS students (student_id INT AUTO_INCREMENT PRIMARY KEY, name VARCHAR(256));, parameters: None
[2024-05-20T11:24:04.833+0000] {sql.py:384} INFO - Rows affected: 0
[2024-05-20T11:24:04.845+0000] {taskinstance.py:1318} INFO - Marking task as SUCCESS. dag_id=op_***_example, task_id=create_new_table, execution_date=20240520T112339, start_date=20240520T112347, end_date=20240520T112404
[2024-05-20T11:24:04.880+0000] {local_task_job.py:208} INFO - Task exited with return code 0
[2024-05-20T11:24:04.937+0000] {taskinstance.py:2578} INFO - 1 downstream tasks scheduled from follow-on schedule check
