[2024-05-20T03:55:46.452+0000] {taskinstance.py:1083} INFO - Dependencies all met for <TaskInstance: op_mysql_example.insert_data manual__2024-05-20T03:55:39.899436+00:00 [queued]>
[2024-05-20T03:55:46.484+0000] {taskinstance.py:1083} INFO - Dependencies all met for <TaskInstance: op_mysql_example.insert_data manual__2024-05-20T03:55:39.899436+00:00 [queued]>
[2024-05-20T03:55:46.484+0000] {taskinstance.py:1279} INFO - 
--------------------------------------------------------------------------------
[2024-05-20T03:55:46.485+0000] {taskinstance.py:1280} INFO - Starting attempt 1 of 1
[2024-05-20T03:55:46.485+0000] {taskinstance.py:1281} INFO - 
--------------------------------------------------------------------------------
[2024-05-20T03:55:46.527+0000] {taskinstance.py:1300} INFO - Executing <Task(MySqlOperator): insert_data> on 2024-05-20 03:55:39.899436+00:00
[2024-05-20T03:55:46.548+0000] {standard_task_runner.py:55} INFO - Started process 2343 to run task
[2024-05-20T03:55:46.555+0000] {standard_task_runner.py:82} INFO - Running: ['***', 'tasks', 'run', 'op_mysql_example', 'insert_data', 'manual__2024-05-20T03:55:39.899436+00:00', '--job-id', '34', '--raw', '--subdir', 'DAGS_FOLDER/op_mysql.py', '--cfg-path', '/tmp/tmpem9430m7']
[2024-05-20T03:55:46.557+0000] {standard_task_runner.py:83} INFO - Job 34: Subtask insert_data
[2024-05-20T03:55:46.702+0000] {task_command.py:388} INFO - Running <TaskInstance: op_mysql_example.insert_data manual__2024-05-20T03:55:39.899436+00:00 [running]> on host 92eda483e798
[2024-05-20T03:55:46.813+0000] {taskinstance.py:1507} INFO - Exporting the following env vars:
AIRFLOW_CTX_DAG_OWNER=***
AIRFLOW_CTX_DAG_ID=op_mysql_example
AIRFLOW_CTX_TASK_ID=insert_data
AIRFLOW_CTX_EXECUTION_DATE=2024-05-20T03:55:39.899436+00:00
AIRFLOW_CTX_TRY_NUMBER=1
AIRFLOW_CTX_DAG_RUN_ID=manual__2024-05-20T03:55:39.899436+00:00
[2024-05-20T03:55:46.817+0000] {sql.py:254} INFO - Executing: INSERT INTO students (name) VALUES ('Alex Jones');
[2024-05-20T03:55:46.870+0000] {base.py:73} INFO - Using connection ID '***_conn' for task execution.
[2024-05-20T03:55:50.897+0000] {base.py:73} INFO - Using connection ID '***_conn' for task execution.
[2024-05-20T03:55:51.134+0000] {sql.py:375} INFO - Running statement: INSERT INTO students (name) VALUES ('Alex Jones');, parameters: None
[2024-05-20T03:55:51.164+0000] {sql.py:384} INFO - Rows affected: 1
[2024-05-20T03:55:51.306+0000] {taskinstance.py:1318} INFO - Marking task as SUCCESS. dag_id=op_***_example, task_id=insert_data, execution_date=20240520T035539, start_date=20240520T035546, end_date=20240520T035551
[2024-05-20T03:55:51.398+0000] {local_task_job.py:208} INFO - Task exited with return code 0
[2024-05-20T03:55:51.453+0000] {taskinstance.py:2578} INFO - 0 downstream tasks scheduled from follow-on schedule check
