[2024-05-20T03:14:24.384+0000] {taskinstance.py:1083} INFO - Dependencies all met for <TaskInstance: op_mysql_example.create_new_table manual__2024-05-20T03:14:21.188398+00:00 [queued]>
[2024-05-20T03:14:24.400+0000] {taskinstance.py:1083} INFO - Dependencies all met for <TaskInstance: op_mysql_example.create_new_table manual__2024-05-20T03:14:21.188398+00:00 [queued]>
[2024-05-20T03:14:24.401+0000] {taskinstance.py:1279} INFO - 
--------------------------------------------------------------------------------
[2024-05-20T03:14:24.401+0000] {taskinstance.py:1280} INFO - Starting attempt 1 of 1
[2024-05-20T03:14:24.401+0000] {taskinstance.py:1281} INFO - 
--------------------------------------------------------------------------------
[2024-05-20T03:14:24.419+0000] {taskinstance.py:1300} INFO - Executing <Task(MySqlOperator): create_new_table> on 2024-05-20 03:14:21.188398+00:00
[2024-05-20T03:14:24.427+0000] {standard_task_runner.py:55} INFO - Started process 728 to run task
[2024-05-20T03:14:24.430+0000] {standard_task_runner.py:82} INFO - Running: ['***', 'tasks', 'run', 'op_mysql_example', 'create_new_table', 'manual__2024-05-20T03:14:21.188398+00:00', '--job-id', '29', '--raw', '--subdir', 'DAGS_FOLDER/op_mysql.py', '--cfg-path', '/tmp/tmpl7472lua']
[2024-05-20T03:14:24.432+0000] {standard_task_runner.py:83} INFO - Job 29: Subtask create_new_table
[2024-05-20T03:14:24.510+0000] {task_command.py:388} INFO - Running <TaskInstance: op_mysql_example.create_new_table manual__2024-05-20T03:14:21.188398+00:00 [running]> on host 92eda483e798
[2024-05-20T03:14:24.602+0000] {taskinstance.py:1507} INFO - Exporting the following env vars:
AIRFLOW_CTX_DAG_OWNER=***
AIRFLOW_CTX_DAG_ID=op_mysql_example
AIRFLOW_CTX_TASK_ID=create_new_table
AIRFLOW_CTX_EXECUTION_DATE=2024-05-20T03:14:21.188398+00:00
AIRFLOW_CTX_TRY_NUMBER=1
AIRFLOW_CTX_DAG_RUN_ID=manual__2024-05-20T03:14:21.188398+00:00
[2024-05-20T03:14:24.603+0000] {sql.py:254} INFO - Executing: CREATE TABLE IF NOT EXISTS students (student_id INT AUTO_INCREMENT PRIMARY KEY, name VARCHAR(256));
[2024-05-20T03:14:24.654+0000] {base.py:73} INFO - Using connection ID '***_conn' for task execution.
[2024-05-20T03:14:29.281+0000] {base.py:73} INFO - Using connection ID '***_conn' for task execution.
[2024-05-20T03:14:29.807+0000] {sql.py:375} INFO - Running statement: CREATE TABLE IF NOT EXISTS students (student_id INT AUTO_INCREMENT PRIMARY KEY, name VARCHAR(256));, parameters: None
[2024-05-20T03:14:29.912+0000] {sql.py:384} INFO - Rows affected: 0
[2024-05-20T03:14:29.931+0000] {taskinstance.py:1318} INFO - Marking task as SUCCESS. dag_id=op_***_example, task_id=create_new_table, execution_date=20240520T031421, start_date=20240520T031424, end_date=20240520T031429
[2024-05-20T03:14:30.011+0000] {local_task_job.py:208} INFO - Task exited with return code 0
[2024-05-20T03:14:30.067+0000] {taskinstance.py:2578} INFO - 1 downstream tasks scheduled from follow-on schedule check
