[2024-05-20T11:13:53.221+0000] {processor.py:153} INFO - Started process (PID=4623) to work on /opt/airflow/dags/sql/select_data.py
[2024-05-20T11:13:53.229+0000] {processor.py:743} INFO - Processing file /opt/airflow/dags/sql/select_data.py for tasks to queue
[2024-05-20T11:13:53.240+0000] {logging_mixin.py:137} INFO - [2024-05-20T11:13:53.240+0000] {dagbag.py:538} INFO - Filling up the DagBag from /opt/airflow/dags/sql/select_data.py
[2024-05-20T11:13:53.404+0000] {logging_mixin.py:137} INFO - [2024-05-20T11:13:53.347+0000] {dagbag.py:343} ERROR - Failed to import: /opt/airflow/dags/sql/select_data.py
Traceback (most recent call last):
  File "/home/airflow/.local/lib/python3.10/site-packages/airflow/models/dagbag.py", line 339, in parse
    loader.exec_module(new_module)
  File "<frozen importlib._bootstrap_external>", line 879, in exec_module
  File "<frozen importlib._bootstrap_external>", line 1017, in get_code
  File "<frozen importlib._bootstrap_external>", line 947, in source_to_code
  File "<frozen importlib._bootstrap>", line 241, in _call_with_frames_removed
  File "/opt/airflow/dags/sql/select_data.py", line 1
    rom airflow import DAG
        ^^^^^^^
SyntaxError: invalid syntax
[2024-05-20T11:13:53.408+0000] {processor.py:755} WARNING - No viable dags retrieved from /opt/airflow/dags/sql/select_data.py
[2024-05-20T11:13:53.477+0000] {processor.py:175} INFO - Processing /opt/airflow/dags/sql/select_data.py took 0.260 seconds
[2024-05-20T11:14:23.774+0000] {processor.py:153} INFO - Started process (PID=4638) to work on /opt/airflow/dags/sql/select_data.py
[2024-05-20T11:14:23.775+0000] {processor.py:743} INFO - Processing file /opt/airflow/dags/sql/select_data.py for tasks to queue
[2024-05-20T11:14:23.776+0000] {logging_mixin.py:137} INFO - [2024-05-20T11:14:23.776+0000] {dagbag.py:538} INFO - Filling up the DagBag from /opt/airflow/dags/sql/select_data.py
[2024-05-20T11:14:23.799+0000] {logging_mixin.py:137} INFO - [2024-05-20T11:14:23.797+0000] {dagbag.py:343} ERROR - Failed to import: /opt/airflow/dags/sql/select_data.py
Traceback (most recent call last):
  File "/home/airflow/.local/lib/python3.10/site-packages/airflow/models/dagbag.py", line 339, in parse
    loader.exec_module(new_module)
  File "<frozen importlib._bootstrap_external>", line 879, in exec_module
  File "<frozen importlib._bootstrap_external>", line 1017, in get_code
  File "<frozen importlib._bootstrap_external>", line 947, in source_to_code
  File "<frozen importlib._bootstrap>", line 241, in _call_with_frames_removed
  File "/opt/airflow/dags/sql/select_data.py", line 1
    rom airflow import DAG
        ^^^^^^^
SyntaxError: invalid syntax
[2024-05-20T11:14:23.800+0000] {processor.py:755} WARNING - No viable dags retrieved from /opt/airflow/dags/sql/select_data.py
[2024-05-20T11:14:23.836+0000] {processor.py:175} INFO - Processing /opt/airflow/dags/sql/select_data.py took 0.066 seconds
[2024-05-20T11:14:54.253+0000] {processor.py:153} INFO - Started process (PID=4663) to work on /opt/airflow/dags/sql/select_data.py
[2024-05-20T11:14:54.254+0000] {processor.py:743} INFO - Processing file /opt/airflow/dags/sql/select_data.py for tasks to queue
[2024-05-20T11:14:54.255+0000] {logging_mixin.py:137} INFO - [2024-05-20T11:14:54.255+0000] {dagbag.py:538} INFO - Filling up the DagBag from /opt/airflow/dags/sql/select_data.py
[2024-05-20T11:14:54.273+0000] {logging_mixin.py:137} INFO - [2024-05-20T11:14:54.272+0000] {dagbag.py:343} ERROR - Failed to import: /opt/airflow/dags/sql/select_data.py
Traceback (most recent call last):
  File "/home/airflow/.local/lib/python3.10/site-packages/airflow/models/dagbag.py", line 339, in parse
    loader.exec_module(new_module)
  File "<frozen importlib._bootstrap_external>", line 879, in exec_module
  File "<frozen importlib._bootstrap_external>", line 1017, in get_code
  File "<frozen importlib._bootstrap_external>", line 947, in source_to_code
  File "<frozen importlib._bootstrap>", line 241, in _call_with_frames_removed
  File "/opt/airflow/dags/sql/select_data.py", line 1
    rom airflow import DAG
        ^^^^^^^
SyntaxError: invalid syntax
[2024-05-20T11:14:54.276+0000] {processor.py:755} WARNING - No viable dags retrieved from /opt/airflow/dags/sql/select_data.py
[2024-05-20T11:14:54.316+0000] {processor.py:175} INFO - Processing /opt/airflow/dags/sql/select_data.py took 0.066 seconds
[2024-05-20T11:15:24.389+0000] {processor.py:153} INFO - Started process (PID=4688) to work on /opt/airflow/dags/sql/select_data.py
[2024-05-20T11:15:24.390+0000] {processor.py:743} INFO - Processing file /opt/airflow/dags/sql/select_data.py for tasks to queue
[2024-05-20T11:15:24.391+0000] {logging_mixin.py:137} INFO - [2024-05-20T11:15:24.391+0000] {dagbag.py:538} INFO - Filling up the DagBag from /opt/airflow/dags/sql/select_data.py
[2024-05-20T11:15:24.407+0000] {logging_mixin.py:137} INFO - [2024-05-20T11:15:24.407+0000] {dagbag.py:343} ERROR - Failed to import: /opt/airflow/dags/sql/select_data.py
Traceback (most recent call last):
  File "/home/airflow/.local/lib/python3.10/site-packages/airflow/models/dagbag.py", line 339, in parse
    loader.exec_module(new_module)
  File "<frozen importlib._bootstrap_external>", line 879, in exec_module
  File "<frozen importlib._bootstrap_external>", line 1017, in get_code
  File "<frozen importlib._bootstrap_external>", line 947, in source_to_code
  File "<frozen importlib._bootstrap>", line 241, in _call_with_frames_removed
  File "/opt/airflow/dags/sql/select_data.py", line 1
    rom airflow import DAG
        ^^^^^^^
SyntaxError: invalid syntax
[2024-05-20T11:15:24.408+0000] {processor.py:755} WARNING - No viable dags retrieved from /opt/airflow/dags/sql/select_data.py
[2024-05-20T11:15:24.438+0000] {processor.py:175} INFO - Processing /opt/airflow/dags/sql/select_data.py took 0.053 seconds
[2024-05-20T11:15:55.075+0000] {processor.py:153} INFO - Started process (PID=4713) to work on /opt/airflow/dags/sql/select_data.py
[2024-05-20T11:15:55.076+0000] {processor.py:743} INFO - Processing file /opt/airflow/dags/sql/select_data.py for tasks to queue
[2024-05-20T11:15:55.077+0000] {logging_mixin.py:137} INFO - [2024-05-20T11:15:55.077+0000] {dagbag.py:538} INFO - Filling up the DagBag from /opt/airflow/dags/sql/select_data.py
[2024-05-20T11:15:55.103+0000] {logging_mixin.py:137} INFO - [2024-05-20T11:15:55.102+0000] {dagbag.py:343} ERROR - Failed to import: /opt/airflow/dags/sql/select_data.py
Traceback (most recent call last):
  File "/home/airflow/.local/lib/python3.10/site-packages/airflow/models/dagbag.py", line 339, in parse
    loader.exec_module(new_module)
  File "<frozen importlib._bootstrap_external>", line 879, in exec_module
  File "<frozen importlib._bootstrap_external>", line 1017, in get_code
  File "<frozen importlib._bootstrap_external>", line 947, in source_to_code
  File "<frozen importlib._bootstrap>", line 241, in _call_with_frames_removed
  File "/opt/airflow/dags/sql/select_data.py", line 1
    rom airflow import DAG
        ^^^^^^^
SyntaxError: invalid syntax
[2024-05-20T11:15:55.104+0000] {processor.py:755} WARNING - No viable dags retrieved from /opt/airflow/dags/sql/select_data.py
[2024-05-20T11:15:55.150+0000] {processor.py:175} INFO - Processing /opt/airflow/dags/sql/select_data.py took 0.079 seconds
[2024-05-20T11:16:25.578+0000] {processor.py:153} INFO - Started process (PID=4738) to work on /opt/airflow/dags/sql/select_data.py
[2024-05-20T11:16:25.583+0000] {processor.py:743} INFO - Processing file /opt/airflow/dags/sql/select_data.py for tasks to queue
[2024-05-20T11:16:25.587+0000] {logging_mixin.py:137} INFO - [2024-05-20T11:16:25.587+0000] {dagbag.py:538} INFO - Filling up the DagBag from /opt/airflow/dags/sql/select_data.py
[2024-05-20T11:16:25.616+0000] {logging_mixin.py:137} INFO - [2024-05-20T11:16:25.615+0000] {dagbag.py:343} ERROR - Failed to import: /opt/airflow/dags/sql/select_data.py
Traceback (most recent call last):
  File "/home/airflow/.local/lib/python3.10/site-packages/airflow/models/dagbag.py", line 339, in parse
    loader.exec_module(new_module)
  File "<frozen importlib._bootstrap_external>", line 879, in exec_module
  File "<frozen importlib._bootstrap_external>", line 1017, in get_code
  File "<frozen importlib._bootstrap_external>", line 947, in source_to_code
  File "<frozen importlib._bootstrap>", line 241, in _call_with_frames_removed
  File "/opt/airflow/dags/sql/select_data.py", line 1
    rom airflow import DAG
        ^^^^^^^
SyntaxError: invalid syntax
[2024-05-20T11:16:25.617+0000] {processor.py:755} WARNING - No viable dags retrieved from /opt/airflow/dags/sql/select_data.py
[2024-05-20T11:16:25.675+0000] {processor.py:175} INFO - Processing /opt/airflow/dags/sql/select_data.py took 0.100 seconds
[2024-05-20T11:16:56.295+0000] {processor.py:153} INFO - Started process (PID=4763) to work on /opt/airflow/dags/sql/select_data.py
[2024-05-20T11:16:56.297+0000] {processor.py:743} INFO - Processing file /opt/airflow/dags/sql/select_data.py for tasks to queue
[2024-05-20T11:16:56.298+0000] {logging_mixin.py:137} INFO - [2024-05-20T11:16:56.298+0000] {dagbag.py:538} INFO - Filling up the DagBag from /opt/airflow/dags/sql/select_data.py
[2024-05-20T11:16:56.318+0000] {logging_mixin.py:137} INFO - [2024-05-20T11:16:56.317+0000] {dagbag.py:343} ERROR - Failed to import: /opt/airflow/dags/sql/select_data.py
Traceback (most recent call last):
  File "/home/airflow/.local/lib/python3.10/site-packages/airflow/models/dagbag.py", line 339, in parse
    loader.exec_module(new_module)
  File "<frozen importlib._bootstrap_external>", line 879, in exec_module
  File "<frozen importlib._bootstrap_external>", line 1017, in get_code
  File "<frozen importlib._bootstrap_external>", line 947, in source_to_code
  File "<frozen importlib._bootstrap>", line 241, in _call_with_frames_removed
  File "/opt/airflow/dags/sql/select_data.py", line 1
    rom airflow import DAG
        ^^^^^^^
SyntaxError: invalid syntax
[2024-05-20T11:16:56.319+0000] {processor.py:755} WARNING - No viable dags retrieved from /opt/airflow/dags/sql/select_data.py
[2024-05-20T11:16:56.351+0000] {processor.py:175} INFO - Processing /opt/airflow/dags/sql/select_data.py took 0.060 seconds
[2024-05-20T11:17:11.507+0000] {processor.py:153} INFO - Started process (PID=4788) to work on /opt/airflow/dags/sql/select_data.py
[2024-05-20T11:17:11.533+0000] {processor.py:743} INFO - Processing file /opt/airflow/dags/sql/select_data.py for tasks to queue
[2024-05-20T11:17:11.543+0000] {logging_mixin.py:137} INFO - [2024-05-20T11:17:11.543+0000] {dagbag.py:538} INFO - Filling up the DagBag from /opt/airflow/dags/sql/select_data.py
[2024-05-20T11:17:11.734+0000] {processor.py:753} INFO - DAG(s) dict_keys(['op_mysql_example']) retrieved from /opt/airflow/dags/sql/select_data.py
[2024-05-20T11:17:11.906+0000] {logging_mixin.py:137} INFO - [2024-05-20T11:17:11.906+0000] {dag.py:2690} INFO - Sync 1 DAGs
[2024-05-20T11:17:11.948+0000] {logging_mixin.py:137} INFO - [2024-05-20T11:17:11.947+0000] {dag.py:3437} INFO - Setting next_dagrun for op_mysql_example to 2024-05-20T00:00:00+00:00, run_after=2024-05-21T00:00:00+00:00
[2024-05-20T11:17:12.033+0000] {processor.py:175} INFO - Processing /opt/airflow/dags/sql/select_data.py took 0.530 seconds
[2024-05-20T11:17:42.958+0000] {processor.py:153} INFO - Started process (PID=4813) to work on /opt/airflow/dags/sql/select_data.py
[2024-05-20T11:17:42.960+0000] {processor.py:743} INFO - Processing file /opt/airflow/dags/sql/select_data.py for tasks to queue
[2024-05-20T11:17:42.962+0000] {logging_mixin.py:137} INFO - [2024-05-20T11:17:42.961+0000] {dagbag.py:538} INFO - Filling up the DagBag from /opt/airflow/dags/sql/select_data.py
[2024-05-20T11:17:43.014+0000] {processor.py:753} INFO - DAG(s) dict_keys(['op_mysql_example']) retrieved from /opt/airflow/dags/sql/select_data.py
[2024-05-20T11:17:43.042+0000] {logging_mixin.py:137} INFO - [2024-05-20T11:17:43.042+0000] {dag.py:2690} INFO - Sync 1 DAGs
[2024-05-20T11:17:43.078+0000] {logging_mixin.py:137} INFO - [2024-05-20T11:17:43.078+0000] {dag.py:3437} INFO - Setting next_dagrun for op_mysql_example to 2024-05-20T00:00:00+00:00, run_after=2024-05-21T00:00:00+00:00
[2024-05-20T11:17:43.108+0000] {processor.py:175} INFO - Processing /opt/airflow/dags/sql/select_data.py took 0.153 seconds
