[2024-05-19T16:39:12.370+0000] {taskinstance.py:1083} INFO - Dependencies all met for <TaskInstance: op_mysql_example.insert_data manual__2024-05-19T16:38:52.504789+00:00 [queued]>
[2024-05-19T16:39:12.398+0000] {taskinstance.py:1083} INFO - Dependencies all met for <TaskInstance: op_mysql_example.insert_data manual__2024-05-19T16:38:52.504789+00:00 [queued]>
[2024-05-19T16:39:12.399+0000] {taskinstance.py:1279} INFO - 
--------------------------------------------------------------------------------
[2024-05-19T16:39:12.399+0000] {taskinstance.py:1280} INFO - Starting attempt 1 of 1
[2024-05-19T16:39:12.400+0000] {taskinstance.py:1281} INFO - 
--------------------------------------------------------------------------------
[2024-05-19T16:39:12.443+0000] {taskinstance.py:1300} INFO - Executing <Task(MySqlOperator): insert_data> on 2024-05-19 16:38:52.504789+00:00
[2024-05-19T16:39:12.460+0000] {standard_task_runner.py:55} INFO - Started process 2251 to run task
[2024-05-19T16:39:12.465+0000] {standard_task_runner.py:82} INFO - Running: ['***', 'tasks', 'run', 'op_mysql_example', 'insert_data', 'manual__2024-05-19T16:38:52.504789+00:00', '--job-id', '25', '--raw', '--subdir', 'DAGS_FOLDER/op_mysql.py', '--cfg-path', '/tmp/tmp8u1mxeaf']
[2024-05-19T16:39:12.471+0000] {standard_task_runner.py:83} INFO - Job 25: Subtask insert_data
[2024-05-19T16:39:12.632+0000] {task_command.py:388} INFO - Running <TaskInstance: op_mysql_example.insert_data manual__2024-05-19T16:38:52.504789+00:00 [running]> on host 92eda483e798
[2024-05-19T16:39:12.798+0000] {taskinstance.py:1507} INFO - Exporting the following env vars:
AIRFLOW_CTX_DAG_OWNER=***
AIRFLOW_CTX_DAG_ID=op_mysql_example
AIRFLOW_CTX_TASK_ID=insert_data
AIRFLOW_CTX_EXECUTION_DATE=2024-05-19T16:38:52.504789+00:00
AIRFLOW_CTX_TRY_NUMBER=1
AIRFLOW_CTX_DAG_RUN_ID=manual__2024-05-19T16:38:52.504789+00:00
[2024-05-19T16:39:12.838+0000] {sql.py:254} INFO - Executing: INSERT INTO students (name) VALUES ('Alex Jones');
[2024-05-19T16:39:12.924+0000] {base.py:73} INFO - Using connection ID '***_conn' for task execution.
[2024-05-19T16:39:13.963+0000] {base.py:73} INFO - Using connection ID '***_conn' for task execution.
[2024-05-19T16:39:14.003+0000] {sql.py:375} INFO - Running statement: INSERT INTO students (name) VALUES ('Alex Jones');, parameters: None
[2024-05-19T16:39:14.052+0000] {sql.py:384} INFO - Rows affected: 1
[2024-05-19T16:39:14.086+0000] {taskinstance.py:1318} INFO - Marking task as SUCCESS. dag_id=op_***_example, task_id=insert_data, execution_date=20240519T163852, start_date=20240519T163912, end_date=20240519T163914
[2024-05-19T16:39:14.161+0000] {local_task_job.py:208} INFO - Task exited with return code 0
[2024-05-19T16:39:14.189+0000] {taskinstance.py:2578} INFO - 0 downstream tasks scheduled from follow-on schedule check
