[2024-05-20T03:01:11.144+0000] {taskinstance.py:1083} INFO - Dependencies all met for <TaskInstance: op_mysql_example.insert_data scheduled__2024-05-19T00:00:00+00:00 [queued]>
[2024-05-20T03:01:11.170+0000] {taskinstance.py:1083} INFO - Dependencies all met for <TaskInstance: op_mysql_example.insert_data scheduled__2024-05-19T00:00:00+00:00 [queued]>
[2024-05-20T03:01:11.171+0000] {taskinstance.py:1279} INFO - 
--------------------------------------------------------------------------------
[2024-05-20T03:01:11.171+0000] {taskinstance.py:1280} INFO - Starting attempt 1 of 1
[2024-05-20T03:01:11.172+0000] {taskinstance.py:1281} INFO - 
--------------------------------------------------------------------------------
[2024-05-20T03:01:11.190+0000] {taskinstance.py:1300} INFO - Executing <Task(MySqlOperator): insert_data> on 2024-05-19 00:00:00+00:00
[2024-05-20T03:01:11.208+0000] {standard_task_runner.py:55} INFO - Started process 226 to run task
[2024-05-20T03:01:11.213+0000] {standard_task_runner.py:82} INFO - Running: ['***', 'tasks', 'run', 'op_mysql_example', 'insert_data', 'scheduled__2024-05-19T00:00:00+00:00', '--job-id', '28', '--raw', '--subdir', 'DAGS_FOLDER/op_mysql.py', '--cfg-path', '/tmp/tmpubyb2krl']
[2024-05-20T03:01:11.217+0000] {standard_task_runner.py:83} INFO - Job 28: Subtask insert_data
[2024-05-20T03:01:11.365+0000] {task_command.py:388} INFO - Running <TaskInstance: op_mysql_example.insert_data scheduled__2024-05-19T00:00:00+00:00 [running]> on host 92eda483e798
[2024-05-20T03:01:11.456+0000] {taskinstance.py:1507} INFO - Exporting the following env vars:
AIRFLOW_CTX_DAG_OWNER=***
AIRFLOW_CTX_DAG_ID=op_mysql_example
AIRFLOW_CTX_TASK_ID=insert_data
AIRFLOW_CTX_EXECUTION_DATE=2024-05-19T00:00:00+00:00
AIRFLOW_CTX_TRY_NUMBER=1
AIRFLOW_CTX_DAG_RUN_ID=scheduled__2024-05-19T00:00:00+00:00
[2024-05-20T03:01:11.457+0000] {sql.py:254} INFO - Executing: INSERT INTO students (name) VALUES ('Alex Jones');
[2024-05-20T03:01:11.474+0000] {base.py:73} INFO - Using connection ID '***_conn' for task execution.
[2024-05-20T03:01:12.119+0000] {base.py:73} INFO - Using connection ID '***_conn' for task execution.
[2024-05-20T03:01:12.152+0000] {sql.py:375} INFO - Running statement: INSERT INTO students (name) VALUES ('Alex Jones');, parameters: None
[2024-05-20T03:01:12.171+0000] {sql.py:384} INFO - Rows affected: 1
[2024-05-20T03:01:12.223+0000] {taskinstance.py:1318} INFO - Marking task as SUCCESS. dag_id=op_***_example, task_id=insert_data, execution_date=20240519T000000, start_date=20240520T030111, end_date=20240520T030112
[2024-05-20T03:01:12.334+0000] {local_task_job.py:208} INFO - Task exited with return code 0
[2024-05-20T03:01:12.362+0000] {taskinstance.py:2578} INFO - 0 downstream tasks scheduled from follow-on schedule check
