[2024-05-20T11:28:54.450+0000] {processor.py:153} INFO - Started process (PID=5302) to work on /opt/airflow/dags/select_data_mysql.py
[2024-05-20T11:28:54.454+0000] {processor.py:743} INFO - Processing file /opt/airflow/dags/select_data_mysql.py for tasks to queue
[2024-05-20T11:28:54.456+0000] {logging_mixin.py:137} INFO - [2024-05-20T11:28:54.455+0000] {dagbag.py:538} INFO - Filling up the DagBag from /opt/airflow/dags/select_data_mysql.py
[2024-05-20T11:28:54.643+0000] {processor.py:753} INFO - DAG(s) dict_keys(['op_mysql_example']) retrieved from /opt/airflow/dags/select_data_mysql.py
[2024-05-20T11:28:54.843+0000] {logging_mixin.py:137} INFO - [2024-05-20T11:28:54.842+0000] {dag.py:2690} INFO - Sync 1 DAGs
[2024-05-20T11:28:55.001+0000] {logging_mixin.py:137} INFO - [2024-05-20T11:28:55.000+0000] {dag.py:3437} INFO - Setting next_dagrun for op_mysql_example to 2024-05-20T00:00:00+00:00, run_after=2024-05-21T00:00:00+00:00
[2024-05-20T11:28:55.082+0000] {processor.py:175} INFO - Processing /opt/airflow/dags/select_data_mysql.py took 0.642 seconds
[2024-05-20T11:29:25.398+0000] {processor.py:153} INFO - Started process (PID=5327) to work on /opt/airflow/dags/select_data_mysql.py
[2024-05-20T11:29:25.400+0000] {processor.py:743} INFO - Processing file /opt/airflow/dags/select_data_mysql.py for tasks to queue
[2024-05-20T11:29:25.401+0000] {logging_mixin.py:137} INFO - [2024-05-20T11:29:25.401+0000] {dagbag.py:538} INFO - Filling up the DagBag from /opt/airflow/dags/select_data_mysql.py
[2024-05-20T11:29:25.472+0000] {processor.py:753} INFO - DAG(s) dict_keys(['op_mysql_example']) retrieved from /opt/airflow/dags/select_data_mysql.py
[2024-05-20T11:29:25.506+0000] {logging_mixin.py:137} INFO - [2024-05-20T11:29:25.506+0000] {dag.py:2690} INFO - Sync 1 DAGs
[2024-05-20T11:29:25.556+0000] {logging_mixin.py:137} INFO - [2024-05-20T11:29:25.556+0000] {dag.py:3437} INFO - Setting next_dagrun for op_mysql_example to 2024-05-20T00:00:00+00:00, run_after=2024-05-21T00:00:00+00:00
[2024-05-20T11:29:25.666+0000] {processor.py:175} INFO - Processing /opt/airflow/dags/select_data_mysql.py took 0.272 seconds
[2024-05-20T11:29:56.769+0000] {processor.py:153} INFO - Started process (PID=5352) to work on /opt/airflow/dags/select_data_mysql.py
[2024-05-20T11:29:56.773+0000] {processor.py:743} INFO - Processing file /opt/airflow/dags/select_data_mysql.py for tasks to queue
[2024-05-20T11:29:56.774+0000] {logging_mixin.py:137} INFO - [2024-05-20T11:29:56.774+0000] {dagbag.py:538} INFO - Filling up the DagBag from /opt/airflow/dags/select_data_mysql.py
[2024-05-20T11:29:57.372+0000] {processor.py:753} INFO - DAG(s) dict_keys(['op_mysql_example']) retrieved from /opt/airflow/dags/select_data_mysql.py
[2024-05-20T11:29:57.559+0000] {logging_mixin.py:137} INFO - [2024-05-20T11:29:57.558+0000] {dag.py:2690} INFO - Sync 1 DAGs
[2024-05-20T11:29:57.610+0000] {logging_mixin.py:137} INFO - [2024-05-20T11:29:57.609+0000] {dag.py:3437} INFO - Setting next_dagrun for op_mysql_example to 2024-05-20T00:00:00+00:00, run_after=2024-05-21T00:00:00+00:00
[2024-05-20T11:29:57.649+0000] {processor.py:175} INFO - Processing /opt/airflow/dags/select_data_mysql.py took 0.883 seconds
[2024-05-20T11:30:28.162+0000] {processor.py:153} INFO - Started process (PID=5382) to work on /opt/airflow/dags/select_data_mysql.py
[2024-05-20T11:30:28.171+0000] {processor.py:743} INFO - Processing file /opt/airflow/dags/select_data_mysql.py for tasks to queue
[2024-05-20T11:30:28.173+0000] {logging_mixin.py:137} INFO - [2024-05-20T11:30:28.172+0000] {dagbag.py:538} INFO - Filling up the DagBag from /opt/airflow/dags/select_data_mysql.py
[2024-05-20T11:30:28.284+0000] {processor.py:753} INFO - DAG(s) dict_keys(['op_mysql_example']) retrieved from /opt/airflow/dags/select_data_mysql.py
[2024-05-20T11:30:28.315+0000] {logging_mixin.py:137} INFO - [2024-05-20T11:30:28.315+0000] {dag.py:2690} INFO - Sync 1 DAGs
[2024-05-20T11:30:28.368+0000] {logging_mixin.py:137} INFO - [2024-05-20T11:30:28.367+0000] {dag.py:3437} INFO - Setting next_dagrun for op_mysql_example to 2024-05-20T00:00:00+00:00, run_after=2024-05-21T00:00:00+00:00
[2024-05-20T11:30:28.526+0000] {processor.py:175} INFO - Processing /opt/airflow/dags/select_data_mysql.py took 0.369 seconds
[2024-05-20T11:30:58.697+0000] {processor.py:153} INFO - Started process (PID=5402) to work on /opt/airflow/dags/select_data_mysql.py
[2024-05-20T11:30:58.699+0000] {processor.py:743} INFO - Processing file /opt/airflow/dags/select_data_mysql.py for tasks to queue
[2024-05-20T11:30:58.700+0000] {logging_mixin.py:137} INFO - [2024-05-20T11:30:58.700+0000] {dagbag.py:538} INFO - Filling up the DagBag from /opt/airflow/dags/select_data_mysql.py
[2024-05-20T11:30:58.883+0000] {processor.py:753} INFO - DAG(s) dict_keys(['op_mysql_example']) retrieved from /opt/airflow/dags/select_data_mysql.py
[2024-05-20T11:30:59.255+0000] {logging_mixin.py:137} INFO - [2024-05-20T11:30:59.254+0000] {dag.py:2690} INFO - Sync 1 DAGs
[2024-05-20T11:30:59.437+0000] {logging_mixin.py:137} INFO - [2024-05-20T11:30:59.436+0000] {dag.py:3437} INFO - Setting next_dagrun for op_mysql_example to 2024-05-20T00:00:00+00:00, run_after=2024-05-21T00:00:00+00:00
[2024-05-20T11:31:00.021+0000] {processor.py:175} INFO - Processing /opt/airflow/dags/select_data_mysql.py took 1.328 seconds
[2024-05-20T11:31:30.955+0000] {processor.py:153} INFO - Started process (PID=5427) to work on /opt/airflow/dags/select_data_mysql.py
[2024-05-20T11:31:30.957+0000] {processor.py:743} INFO - Processing file /opt/airflow/dags/select_data_mysql.py for tasks to queue
[2024-05-20T11:31:30.959+0000] {logging_mixin.py:137} INFO - [2024-05-20T11:31:30.958+0000] {dagbag.py:538} INFO - Filling up the DagBag from /opt/airflow/dags/select_data_mysql.py
[2024-05-20T11:31:31.118+0000] {processor.py:753} INFO - DAG(s) dict_keys(['op_mysql_example']) retrieved from /opt/airflow/dags/select_data_mysql.py
[2024-05-20T11:31:31.583+0000] {logging_mixin.py:137} INFO - [2024-05-20T11:31:31.582+0000] {dag.py:2690} INFO - Sync 1 DAGs
[2024-05-20T11:31:32.107+0000] {logging_mixin.py:137} INFO - [2024-05-20T11:31:32.107+0000] {dag.py:3437} INFO - Setting next_dagrun for op_mysql_example to 2024-05-20T00:00:00+00:00, run_after=2024-05-21T00:00:00+00:00
[2024-05-20T11:31:32.183+0000] {processor.py:175} INFO - Processing /opt/airflow/dags/select_data_mysql.py took 1.232 seconds
[2024-05-20T11:32:02.776+0000] {processor.py:153} INFO - Started process (PID=5452) to work on /opt/airflow/dags/select_data_mysql.py
[2024-05-20T11:32:02.779+0000] {processor.py:743} INFO - Processing file /opt/airflow/dags/select_data_mysql.py for tasks to queue
[2024-05-20T11:32:02.781+0000] {logging_mixin.py:137} INFO - [2024-05-20T11:32:02.781+0000] {dagbag.py:538} INFO - Filling up the DagBag from /opt/airflow/dags/select_data_mysql.py
[2024-05-20T11:32:03.041+0000] {processor.py:753} INFO - DAG(s) dict_keys(['op_mysql_example']) retrieved from /opt/airflow/dags/select_data_mysql.py
[2024-05-20T11:32:03.233+0000] {logging_mixin.py:137} INFO - [2024-05-20T11:32:03.232+0000] {dag.py:2690} INFO - Sync 1 DAGs
[2024-05-20T11:32:03.410+0000] {logging_mixin.py:137} INFO - [2024-05-20T11:32:03.410+0000] {dag.py:3437} INFO - Setting next_dagrun for op_mysql_example to 2024-05-20T00:00:00+00:00, run_after=2024-05-21T00:00:00+00:00
[2024-05-20T11:32:03.488+0000] {processor.py:175} INFO - Processing /opt/airflow/dags/select_data_mysql.py took 0.734 seconds
[2024-05-20T11:32:34.022+0000] {processor.py:153} INFO - Started process (PID=5477) to work on /opt/airflow/dags/select_data_mysql.py
[2024-05-20T11:32:34.028+0000] {processor.py:743} INFO - Processing file /opt/airflow/dags/select_data_mysql.py for tasks to queue
[2024-05-20T11:32:34.032+0000] {logging_mixin.py:137} INFO - [2024-05-20T11:32:34.032+0000] {dagbag.py:538} INFO - Filling up the DagBag from /opt/airflow/dags/select_data_mysql.py
[2024-05-20T11:32:34.284+0000] {processor.py:753} INFO - DAG(s) dict_keys(['op_mysql_example']) retrieved from /opt/airflow/dags/select_data_mysql.py
[2024-05-20T11:32:34.467+0000] {logging_mixin.py:137} INFO - [2024-05-20T11:32:34.467+0000] {dag.py:2690} INFO - Sync 1 DAGs
[2024-05-20T11:32:34.550+0000] {logging_mixin.py:137} INFO - [2024-05-20T11:32:34.550+0000] {dag.py:3437} INFO - Setting next_dagrun for op_mysql_example to 2024-05-20T00:00:00+00:00, run_after=2024-05-21T00:00:00+00:00
[2024-05-20T11:32:34.676+0000] {processor.py:175} INFO - Processing /opt/airflow/dags/select_data_mysql.py took 0.666 seconds
[2024-05-20T11:33:04.981+0000] {processor.py:153} INFO - Started process (PID=5502) to work on /opt/airflow/dags/select_data_mysql.py
[2024-05-20T11:33:04.983+0000] {processor.py:743} INFO - Processing file /opt/airflow/dags/select_data_mysql.py for tasks to queue
[2024-05-20T11:33:04.985+0000] {logging_mixin.py:137} INFO - [2024-05-20T11:33:04.985+0000] {dagbag.py:538} INFO - Filling up the DagBag from /opt/airflow/dags/select_data_mysql.py
[2024-05-20T11:33:05.105+0000] {processor.py:753} INFO - DAG(s) dict_keys(['op_mysql_example']) retrieved from /opt/airflow/dags/select_data_mysql.py
[2024-05-20T11:33:05.167+0000] {logging_mixin.py:137} INFO - [2024-05-20T11:33:05.166+0000] {dag.py:2690} INFO - Sync 1 DAGs
[2024-05-20T11:33:05.203+0000] {logging_mixin.py:137} INFO - [2024-05-20T11:33:05.203+0000] {dag.py:3437} INFO - Setting next_dagrun for op_mysql_example to 2024-05-20T00:00:00+00:00, run_after=2024-05-21T00:00:00+00:00
[2024-05-20T11:33:05.245+0000] {processor.py:175} INFO - Processing /opt/airflow/dags/select_data_mysql.py took 0.273 seconds
[2024-05-20T11:33:35.707+0000] {processor.py:153} INFO - Started process (PID=5527) to work on /opt/airflow/dags/select_data_mysql.py
[2024-05-20T11:33:35.709+0000] {processor.py:743} INFO - Processing file /opt/airflow/dags/select_data_mysql.py for tasks to queue
[2024-05-20T11:33:35.713+0000] {logging_mixin.py:137} INFO - [2024-05-20T11:33:35.713+0000] {dagbag.py:538} INFO - Filling up the DagBag from /opt/airflow/dags/select_data_mysql.py
[2024-05-20T11:33:35.851+0000] {processor.py:753} INFO - DAG(s) dict_keys(['op_mysql_example']) retrieved from /opt/airflow/dags/select_data_mysql.py
[2024-05-20T11:33:36.905+0000] {logging_mixin.py:137} INFO - [2024-05-20T11:33:36.863+0000] {dag.py:2690} INFO - Sync 1 DAGs
[2024-05-20T11:33:37.310+0000] {logging_mixin.py:137} INFO - [2024-05-20T11:33:37.309+0000] {dag.py:3437} INFO - Setting next_dagrun for op_mysql_example to 2024-05-20T00:00:00+00:00, run_after=2024-05-21T00:00:00+00:00
[2024-05-20T11:33:37.418+0000] {processor.py:175} INFO - Processing /opt/airflow/dags/select_data_mysql.py took 1.716 seconds
[2024-05-20T11:34:07.531+0000] {processor.py:153} INFO - Started process (PID=5552) to work on /opt/airflow/dags/select_data_mysql.py
[2024-05-20T11:34:07.533+0000] {processor.py:743} INFO - Processing file /opt/airflow/dags/select_data_mysql.py for tasks to queue
[2024-05-20T11:34:07.535+0000] {logging_mixin.py:137} INFO - [2024-05-20T11:34:07.534+0000] {dagbag.py:538} INFO - Filling up the DagBag from /opt/airflow/dags/select_data_mysql.py
[2024-05-20T11:34:07.619+0000] {processor.py:753} INFO - DAG(s) dict_keys(['op_mysql_example']) retrieved from /opt/airflow/dags/select_data_mysql.py
[2024-05-20T11:34:07.660+0000] {logging_mixin.py:137} INFO - [2024-05-20T11:34:07.660+0000] {dag.py:2690} INFO - Sync 1 DAGs
[2024-05-20T11:34:07.722+0000] {logging_mixin.py:137} INFO - [2024-05-20T11:34:07.721+0000] {dag.py:3437} INFO - Setting next_dagrun for op_mysql_example to 2024-05-20T00:00:00+00:00, run_after=2024-05-21T00:00:00+00:00
[2024-05-20T11:34:07.766+0000] {processor.py:175} INFO - Processing /opt/airflow/dags/select_data_mysql.py took 0.240 seconds
[2024-05-20T11:34:38.355+0000] {processor.py:153} INFO - Started process (PID=5577) to work on /opt/airflow/dags/select_data_mysql.py
[2024-05-20T11:34:38.356+0000] {processor.py:743} INFO - Processing file /opt/airflow/dags/select_data_mysql.py for tasks to queue
[2024-05-20T11:34:38.358+0000] {logging_mixin.py:137} INFO - [2024-05-20T11:34:38.357+0000] {dagbag.py:538} INFO - Filling up the DagBag from /opt/airflow/dags/select_data_mysql.py
[2024-05-20T11:34:38.460+0000] {processor.py:753} INFO - DAG(s) dict_keys(['op_mysql_example']) retrieved from /opt/airflow/dags/select_data_mysql.py
[2024-05-20T11:34:38.589+0000] {logging_mixin.py:137} INFO - [2024-05-20T11:34:38.588+0000] {dag.py:2690} INFO - Sync 1 DAGs
[2024-05-20T11:34:38.785+0000] {logging_mixin.py:137} INFO - [2024-05-20T11:34:38.785+0000] {dag.py:3437} INFO - Setting next_dagrun for op_mysql_example to 2024-05-20T00:00:00+00:00, run_after=2024-05-21T00:00:00+00:00
[2024-05-20T11:34:38.917+0000] {processor.py:175} INFO - Processing /opt/airflow/dags/select_data_mysql.py took 0.573 seconds
[2024-05-20T11:35:09.414+0000] {processor.py:153} INFO - Started process (PID=5602) to work on /opt/airflow/dags/select_data_mysql.py
[2024-05-20T11:35:09.416+0000] {processor.py:743} INFO - Processing file /opt/airflow/dags/select_data_mysql.py for tasks to queue
[2024-05-20T11:35:09.417+0000] {logging_mixin.py:137} INFO - [2024-05-20T11:35:09.417+0000] {dagbag.py:538} INFO - Filling up the DagBag from /opt/airflow/dags/select_data_mysql.py
[2024-05-20T11:35:09.501+0000] {processor.py:753} INFO - DAG(s) dict_keys(['op_mysql_example']) retrieved from /opt/airflow/dags/select_data_mysql.py
[2024-05-20T11:35:09.545+0000] {logging_mixin.py:137} INFO - [2024-05-20T11:35:09.545+0000] {dag.py:2690} INFO - Sync 1 DAGs
[2024-05-20T11:35:09.590+0000] {logging_mixin.py:137} INFO - [2024-05-20T11:35:09.590+0000] {dag.py:3437} INFO - Setting next_dagrun for op_mysql_example to 2024-05-20T00:00:00+00:00, run_after=2024-05-21T00:00:00+00:00
[2024-05-20T11:35:09.685+0000] {processor.py:175} INFO - Processing /opt/airflow/dags/select_data_mysql.py took 0.276 seconds
[2024-05-20T11:35:40.266+0000] {processor.py:153} INFO - Started process (PID=5627) to work on /opt/airflow/dags/select_data_mysql.py
[2024-05-20T11:35:40.268+0000] {processor.py:743} INFO - Processing file /opt/airflow/dags/select_data_mysql.py for tasks to queue
[2024-05-20T11:35:40.273+0000] {logging_mixin.py:137} INFO - [2024-05-20T11:35:40.273+0000] {dagbag.py:538} INFO - Filling up the DagBag from /opt/airflow/dags/select_data_mysql.py
[2024-05-20T11:35:40.423+0000] {processor.py:753} INFO - DAG(s) dict_keys(['op_mysql_example']) retrieved from /opt/airflow/dags/select_data_mysql.py
[2024-05-20T11:35:40.583+0000] {logging_mixin.py:137} INFO - [2024-05-20T11:35:40.583+0000] {dag.py:2690} INFO - Sync 1 DAGs
[2024-05-20T11:35:40.632+0000] {logging_mixin.py:137} INFO - [2024-05-20T11:35:40.631+0000] {dag.py:3437} INFO - Setting next_dagrun for op_mysql_example to 2024-05-20T00:00:00+00:00, run_after=2024-05-21T00:00:00+00:00
[2024-05-20T11:35:40.677+0000] {processor.py:175} INFO - Processing /opt/airflow/dags/select_data_mysql.py took 0.415 seconds
[2024-05-20T11:36:10.966+0000] {processor.py:153} INFO - Started process (PID=5652) to work on /opt/airflow/dags/select_data_mysql.py
[2024-05-20T11:36:10.973+0000] {processor.py:743} INFO - Processing file /opt/airflow/dags/select_data_mysql.py for tasks to queue
[2024-05-20T11:36:10.976+0000] {logging_mixin.py:137} INFO - [2024-05-20T11:36:10.976+0000] {dagbag.py:538} INFO - Filling up the DagBag from /opt/airflow/dags/select_data_mysql.py
[2024-05-20T11:36:11.080+0000] {processor.py:753} INFO - DAG(s) dict_keys(['op_mysql_example']) retrieved from /opt/airflow/dags/select_data_mysql.py
[2024-05-20T11:36:11.171+0000] {logging_mixin.py:137} INFO - [2024-05-20T11:36:11.171+0000] {dag.py:2690} INFO - Sync 1 DAGs
[2024-05-20T11:36:11.288+0000] {logging_mixin.py:137} INFO - [2024-05-20T11:36:11.288+0000] {dag.py:3437} INFO - Setting next_dagrun for op_mysql_example to 2024-05-20T00:00:00+00:00, run_after=2024-05-21T00:00:00+00:00
[2024-05-20T11:36:11.380+0000] {processor.py:175} INFO - Processing /opt/airflow/dags/select_data_mysql.py took 0.423 seconds
[2024-05-20T11:36:41.883+0000] {processor.py:153} INFO - Started process (PID=5677) to work on /opt/airflow/dags/select_data_mysql.py
[2024-05-20T11:36:41.895+0000] {processor.py:743} INFO - Processing file /opt/airflow/dags/select_data_mysql.py for tasks to queue
[2024-05-20T11:36:41.899+0000] {logging_mixin.py:137} INFO - [2024-05-20T11:36:41.899+0000] {dagbag.py:538} INFO - Filling up the DagBag from /opt/airflow/dags/select_data_mysql.py
[2024-05-20T11:36:42.028+0000] {processor.py:753} INFO - DAG(s) dict_keys(['op_mysql_example']) retrieved from /opt/airflow/dags/select_data_mysql.py
[2024-05-20T11:36:42.237+0000] {logging_mixin.py:137} INFO - [2024-05-20T11:36:42.237+0000] {dag.py:2690} INFO - Sync 1 DAGs
[2024-05-20T11:36:42.350+0000] {logging_mixin.py:137} INFO - [2024-05-20T11:36:42.350+0000] {dag.py:3437} INFO - Setting next_dagrun for op_mysql_example to 2024-05-20T00:00:00+00:00, run_after=2024-05-21T00:00:00+00:00
[2024-05-20T11:36:42.415+0000] {processor.py:175} INFO - Processing /opt/airflow/dags/select_data_mysql.py took 0.536 seconds
[2024-05-20T11:37:13.819+0000] {processor.py:153} INFO - Started process (PID=5705) to work on /opt/airflow/dags/select_data_mysql.py
[2024-05-20T11:37:13.821+0000] {processor.py:743} INFO - Processing file /opt/airflow/dags/select_data_mysql.py for tasks to queue
[2024-05-20T11:37:13.848+0000] {logging_mixin.py:137} INFO - [2024-05-20T11:37:13.848+0000] {dagbag.py:538} INFO - Filling up the DagBag from /opt/airflow/dags/select_data_mysql.py
[2024-05-20T11:37:14.124+0000] {processor.py:753} INFO - DAG(s) dict_keys(['op_mysql_example']) retrieved from /opt/airflow/dags/select_data_mysql.py
[2024-05-20T11:37:14.353+0000] {logging_mixin.py:137} INFO - [2024-05-20T11:37:14.353+0000] {dag.py:2690} INFO - Sync 1 DAGs
[2024-05-20T11:37:14.617+0000] {logging_mixin.py:137} INFO - [2024-05-20T11:37:14.606+0000] {dag.py:3437} INFO - Setting next_dagrun for op_mysql_example to 2024-05-20T00:00:00+00:00, run_after=2024-05-21T00:00:00+00:00
[2024-05-20T11:37:14.789+0000] {processor.py:175} INFO - Processing /opt/airflow/dags/select_data_mysql.py took 0.973 seconds
[2024-05-20T11:37:45.212+0000] {processor.py:153} INFO - Started process (PID=5727) to work on /opt/airflow/dags/select_data_mysql.py
[2024-05-20T11:37:45.215+0000] {processor.py:743} INFO - Processing file /opt/airflow/dags/select_data_mysql.py for tasks to queue
[2024-05-20T11:37:45.216+0000] {logging_mixin.py:137} INFO - [2024-05-20T11:37:45.216+0000] {dagbag.py:538} INFO - Filling up the DagBag from /opt/airflow/dags/select_data_mysql.py
[2024-05-20T11:37:45.295+0000] {processor.py:753} INFO - DAG(s) dict_keys(['op_mysql_example']) retrieved from /opt/airflow/dags/select_data_mysql.py
[2024-05-20T11:37:46.690+0000] {logging_mixin.py:137} INFO - [2024-05-20T11:37:46.689+0000] {dag.py:2690} INFO - Sync 1 DAGs
[2024-05-20T11:37:47.786+0000] {logging_mixin.py:137} INFO - [2024-05-20T11:37:47.780+0000] {dag.py:3437} INFO - Setting next_dagrun for op_mysql_example to 2024-05-20T00:00:00+00:00, run_after=2024-05-21T00:00:00+00:00
[2024-05-20T11:37:49.722+0000] {processor.py:175} INFO - Processing /opt/airflow/dags/select_data_mysql.py took 4.512 seconds
[2024-05-20T11:38:20.111+0000] {processor.py:153} INFO - Started process (PID=5752) to work on /opt/airflow/dags/select_data_mysql.py
[2024-05-20T11:38:20.112+0000] {processor.py:743} INFO - Processing file /opt/airflow/dags/select_data_mysql.py for tasks to queue
[2024-05-20T11:38:20.115+0000] {logging_mixin.py:137} INFO - [2024-05-20T11:38:20.115+0000] {dagbag.py:538} INFO - Filling up the DagBag from /opt/airflow/dags/select_data_mysql.py
[2024-05-20T11:38:20.176+0000] {processor.py:753} INFO - DAG(s) dict_keys(['op_mysql_example']) retrieved from /opt/airflow/dags/select_data_mysql.py
[2024-05-20T11:38:20.210+0000] {logging_mixin.py:137} INFO - [2024-05-20T11:38:20.210+0000] {dag.py:2690} INFO - Sync 1 DAGs
[2024-05-20T11:38:20.245+0000] {logging_mixin.py:137} INFO - [2024-05-20T11:38:20.245+0000] {dag.py:3437} INFO - Setting next_dagrun for op_mysql_example to 2024-05-20T00:00:00+00:00, run_after=2024-05-21T00:00:00+00:00
[2024-05-20T11:38:20.278+0000] {processor.py:175} INFO - Processing /opt/airflow/dags/select_data_mysql.py took 0.171 seconds
[2024-05-20T11:38:50.807+0000] {processor.py:153} INFO - Started process (PID=5777) to work on /opt/airflow/dags/select_data_mysql.py
[2024-05-20T11:38:50.809+0000] {processor.py:743} INFO - Processing file /opt/airflow/dags/select_data_mysql.py for tasks to queue
[2024-05-20T11:38:50.811+0000] {logging_mixin.py:137} INFO - [2024-05-20T11:38:50.811+0000] {dagbag.py:538} INFO - Filling up the DagBag from /opt/airflow/dags/select_data_mysql.py
[2024-05-20T11:38:50.885+0000] {processor.py:753} INFO - DAG(s) dict_keys(['op_mysql_example']) retrieved from /opt/airflow/dags/select_data_mysql.py
[2024-05-20T11:38:50.903+0000] {logging_mixin.py:137} INFO - [2024-05-20T11:38:50.903+0000] {dag.py:2690} INFO - Sync 1 DAGs
[2024-05-20T11:38:50.942+0000] {logging_mixin.py:137} INFO - [2024-05-20T11:38:50.942+0000] {dag.py:3437} INFO - Setting next_dagrun for op_mysql_example to 2024-05-20T00:00:00+00:00, run_after=2024-05-21T00:00:00+00:00
[2024-05-20T11:38:50.969+0000] {processor.py:175} INFO - Processing /opt/airflow/dags/select_data_mysql.py took 0.166 seconds
[2024-05-20T11:39:21.200+0000] {processor.py:153} INFO - Started process (PID=5802) to work on /opt/airflow/dags/select_data_mysql.py
[2024-05-20T11:39:21.201+0000] {processor.py:743} INFO - Processing file /opt/airflow/dags/select_data_mysql.py for tasks to queue
[2024-05-20T11:39:21.203+0000] {logging_mixin.py:137} INFO - [2024-05-20T11:39:21.203+0000] {dagbag.py:538} INFO - Filling up the DagBag from /opt/airflow/dags/select_data_mysql.py
[2024-05-20T11:39:21.403+0000] {processor.py:753} INFO - DAG(s) dict_keys(['op_mysql_example']) retrieved from /opt/airflow/dags/select_data_mysql.py
[2024-05-20T11:39:21.530+0000] {logging_mixin.py:137} INFO - [2024-05-20T11:39:21.530+0000] {dag.py:2690} INFO - Sync 1 DAGs
[2024-05-20T11:39:21.590+0000] {logging_mixin.py:137} INFO - [2024-05-20T11:39:21.589+0000] {dag.py:3437} INFO - Setting next_dagrun for op_mysql_example to 2024-05-20T00:00:00+00:00, run_after=2024-05-21T00:00:00+00:00
[2024-05-20T11:39:21.640+0000] {processor.py:175} INFO - Processing /opt/airflow/dags/select_data_mysql.py took 0.444 seconds
[2024-05-20T11:39:51.970+0000] {processor.py:153} INFO - Started process (PID=5827) to work on /opt/airflow/dags/select_data_mysql.py
[2024-05-20T11:39:51.971+0000] {processor.py:743} INFO - Processing file /opt/airflow/dags/select_data_mysql.py for tasks to queue
[2024-05-20T11:39:51.973+0000] {logging_mixin.py:137} INFO - [2024-05-20T11:39:51.973+0000] {dagbag.py:538} INFO - Filling up the DagBag from /opt/airflow/dags/select_data_mysql.py
[2024-05-20T11:39:52.081+0000] {processor.py:753} INFO - DAG(s) dict_keys(['op_mysql_example']) retrieved from /opt/airflow/dags/select_data_mysql.py
[2024-05-20T11:39:52.181+0000] {logging_mixin.py:137} INFO - [2024-05-20T11:39:52.181+0000] {dag.py:2690} INFO - Sync 1 DAGs
[2024-05-20T11:39:52.344+0000] {logging_mixin.py:137} INFO - [2024-05-20T11:39:52.343+0000] {dag.py:3437} INFO - Setting next_dagrun for op_mysql_example to 2024-05-20T00:00:00+00:00, run_after=2024-05-21T00:00:00+00:00
[2024-05-20T11:39:52.589+0000] {processor.py:175} INFO - Processing /opt/airflow/dags/select_data_mysql.py took 0.623 seconds
[2024-05-20T11:40:22.961+0000] {processor.py:153} INFO - Started process (PID=5852) to work on /opt/airflow/dags/select_data_mysql.py
[2024-05-20T11:40:22.963+0000] {processor.py:743} INFO - Processing file /opt/airflow/dags/select_data_mysql.py for tasks to queue
[2024-05-20T11:40:22.971+0000] {logging_mixin.py:137} INFO - [2024-05-20T11:40:22.971+0000] {dagbag.py:538} INFO - Filling up the DagBag from /opt/airflow/dags/select_data_mysql.py
[2024-05-20T11:40:23.113+0000] {processor.py:753} INFO - DAG(s) dict_keys(['op_mysql_example']) retrieved from /opt/airflow/dags/select_data_mysql.py
[2024-05-20T11:40:23.150+0000] {logging_mixin.py:137} INFO - [2024-05-20T11:40:23.150+0000] {dag.py:2690} INFO - Sync 1 DAGs
[2024-05-20T11:40:23.247+0000] {logging_mixin.py:137} INFO - [2024-05-20T11:40:23.247+0000] {dag.py:3437} INFO - Setting next_dagrun for op_mysql_example to 2024-05-20T00:00:00+00:00, run_after=2024-05-21T00:00:00+00:00
[2024-05-20T11:40:23.326+0000] {processor.py:175} INFO - Processing /opt/airflow/dags/select_data_mysql.py took 0.369 seconds
[2024-05-20T11:40:53.866+0000] {processor.py:153} INFO - Started process (PID=5877) to work on /opt/airflow/dags/select_data_mysql.py
[2024-05-20T11:40:53.868+0000] {processor.py:743} INFO - Processing file /opt/airflow/dags/select_data_mysql.py for tasks to queue
[2024-05-20T11:40:53.869+0000] {logging_mixin.py:137} INFO - [2024-05-20T11:40:53.869+0000] {dagbag.py:538} INFO - Filling up the DagBag from /opt/airflow/dags/select_data_mysql.py
[2024-05-20T11:40:53.998+0000] {processor.py:753} INFO - DAG(s) dict_keys(['op_mysql_example']) retrieved from /opt/airflow/dags/select_data_mysql.py
[2024-05-20T11:40:54.098+0000] {logging_mixin.py:137} INFO - [2024-05-20T11:40:54.097+0000] {dag.py:2690} INFO - Sync 1 DAGs
[2024-05-20T11:40:54.217+0000] {logging_mixin.py:137} INFO - [2024-05-20T11:40:54.217+0000] {dag.py:3437} INFO - Setting next_dagrun for op_mysql_example to 2024-05-20T00:00:00+00:00, run_after=2024-05-21T00:00:00+00:00
[2024-05-20T11:40:54.366+0000] {processor.py:175} INFO - Processing /opt/airflow/dags/select_data_mysql.py took 0.504 seconds
[2024-05-20T11:41:25.087+0000] {processor.py:153} INFO - Started process (PID=5902) to work on /opt/airflow/dags/select_data_mysql.py
[2024-05-20T11:41:25.090+0000] {processor.py:743} INFO - Processing file /opt/airflow/dags/select_data_mysql.py for tasks to queue
[2024-05-20T11:41:25.119+0000] {logging_mixin.py:137} INFO - [2024-05-20T11:41:25.118+0000] {dagbag.py:538} INFO - Filling up the DagBag from /opt/airflow/dags/select_data_mysql.py
[2024-05-20T11:41:25.259+0000] {processor.py:753} INFO - DAG(s) dict_keys(['op_mysql_example']) retrieved from /opt/airflow/dags/select_data_mysql.py
[2024-05-20T11:41:25.333+0000] {logging_mixin.py:137} INFO - [2024-05-20T11:41:25.332+0000] {dag.py:2690} INFO - Sync 1 DAGs
[2024-05-20T11:41:25.429+0000] {logging_mixin.py:137} INFO - [2024-05-20T11:41:25.429+0000] {dag.py:3437} INFO - Setting next_dagrun for op_mysql_example to 2024-05-20T00:00:00+00:00, run_after=2024-05-21T00:00:00+00:00
[2024-05-20T11:41:25.586+0000] {processor.py:175} INFO - Processing /opt/airflow/dags/select_data_mysql.py took 0.503 seconds
[2024-05-20T11:41:56.282+0000] {processor.py:153} INFO - Started process (PID=5927) to work on /opt/airflow/dags/select_data_mysql.py
[2024-05-20T11:41:56.287+0000] {processor.py:743} INFO - Processing file /opt/airflow/dags/select_data_mysql.py for tasks to queue
[2024-05-20T11:41:56.289+0000] {logging_mixin.py:137} INFO - [2024-05-20T11:41:56.288+0000] {dagbag.py:538} INFO - Filling up the DagBag from /opt/airflow/dags/select_data_mysql.py
[2024-05-20T11:41:56.403+0000] {processor.py:753} INFO - DAG(s) dict_keys(['op_mysql_example']) retrieved from /opt/airflow/dags/select_data_mysql.py
[2024-05-20T11:41:56.651+0000] {logging_mixin.py:137} INFO - [2024-05-20T11:41:56.651+0000] {dag.py:2690} INFO - Sync 1 DAGs
[2024-05-20T11:41:56.969+0000] {logging_mixin.py:137} INFO - [2024-05-20T11:41:56.961+0000] {dag.py:3437} INFO - Setting next_dagrun for op_mysql_example to 2024-05-20T00:00:00+00:00, run_after=2024-05-21T00:00:00+00:00
[2024-05-20T11:41:57.257+0000] {processor.py:175} INFO - Processing /opt/airflow/dags/select_data_mysql.py took 0.979 seconds
[2024-05-20T11:42:27.681+0000] {processor.py:153} INFO - Started process (PID=5952) to work on /opt/airflow/dags/select_data_mysql.py
[2024-05-20T11:42:27.683+0000] {processor.py:743} INFO - Processing file /opt/airflow/dags/select_data_mysql.py for tasks to queue
[2024-05-20T11:42:27.686+0000] {logging_mixin.py:137} INFO - [2024-05-20T11:42:27.686+0000] {dagbag.py:538} INFO - Filling up the DagBag from /opt/airflow/dags/select_data_mysql.py
[2024-05-20T11:42:27.817+0000] {processor.py:753} INFO - DAG(s) dict_keys(['op_mysql_example']) retrieved from /opt/airflow/dags/select_data_mysql.py
[2024-05-20T11:42:27.981+0000] {logging_mixin.py:137} INFO - [2024-05-20T11:42:27.980+0000] {dag.py:2690} INFO - Sync 1 DAGs
[2024-05-20T11:42:28.146+0000] {logging_mixin.py:137} INFO - [2024-05-20T11:42:28.146+0000] {dag.py:3437} INFO - Setting next_dagrun for op_mysql_example to 2024-05-20T00:00:00+00:00, run_after=2024-05-21T00:00:00+00:00
[2024-05-20T11:42:28.199+0000] {processor.py:175} INFO - Processing /opt/airflow/dags/select_data_mysql.py took 0.521 seconds
[2024-05-20T11:42:58.517+0000] {processor.py:153} INFO - Started process (PID=5977) to work on /opt/airflow/dags/select_data_mysql.py
[2024-05-20T11:42:58.520+0000] {processor.py:743} INFO - Processing file /opt/airflow/dags/select_data_mysql.py for tasks to queue
[2024-05-20T11:42:58.569+0000] {logging_mixin.py:137} INFO - [2024-05-20T11:42:58.569+0000] {dagbag.py:538} INFO - Filling up the DagBag from /opt/airflow/dags/select_data_mysql.py
[2024-05-20T11:42:58.752+0000] {processor.py:753} INFO - DAG(s) dict_keys(['op_mysql_example']) retrieved from /opt/airflow/dags/select_data_mysql.py
[2024-05-20T11:42:58.883+0000] {logging_mixin.py:137} INFO - [2024-05-20T11:42:58.883+0000] {dag.py:2690} INFO - Sync 1 DAGs
[2024-05-20T11:42:58.942+0000] {logging_mixin.py:137} INFO - [2024-05-20T11:42:58.931+0000] {dag.py:3437} INFO - Setting next_dagrun for op_mysql_example to 2024-05-20T00:00:00+00:00, run_after=2024-05-21T00:00:00+00:00
[2024-05-20T11:42:58.987+0000] {processor.py:175} INFO - Processing /opt/airflow/dags/select_data_mysql.py took 0.517 seconds
[2024-05-20T11:43:29.780+0000] {processor.py:153} INFO - Started process (PID=6002) to work on /opt/airflow/dags/select_data_mysql.py
[2024-05-20T11:43:29.783+0000] {processor.py:743} INFO - Processing file /opt/airflow/dags/select_data_mysql.py for tasks to queue
[2024-05-20T11:43:29.811+0000] {logging_mixin.py:137} INFO - [2024-05-20T11:43:29.810+0000] {dagbag.py:538} INFO - Filling up the DagBag from /opt/airflow/dags/select_data_mysql.py
[2024-05-20T11:43:30.019+0000] {processor.py:753} INFO - DAG(s) dict_keys(['op_mysql_example']) retrieved from /opt/airflow/dags/select_data_mysql.py
[2024-05-20T11:43:30.203+0000] {logging_mixin.py:137} INFO - [2024-05-20T11:43:30.202+0000] {dag.py:2690} INFO - Sync 1 DAGs
[2024-05-20T11:43:30.338+0000] {logging_mixin.py:137} INFO - [2024-05-20T11:43:30.338+0000] {dag.py:3437} INFO - Setting next_dagrun for op_mysql_example to 2024-05-20T00:00:00+00:00, run_after=2024-05-21T00:00:00+00:00
[2024-05-20T11:43:30.437+0000] {processor.py:175} INFO - Processing /opt/airflow/dags/select_data_mysql.py took 0.662 seconds
[2024-05-20T11:44:01.175+0000] {processor.py:153} INFO - Started process (PID=6027) to work on /opt/airflow/dags/select_data_mysql.py
[2024-05-20T11:44:01.177+0000] {processor.py:743} INFO - Processing file /opt/airflow/dags/select_data_mysql.py for tasks to queue
[2024-05-20T11:44:01.181+0000] {logging_mixin.py:137} INFO - [2024-05-20T11:44:01.180+0000] {dagbag.py:538} INFO - Filling up the DagBag from /opt/airflow/dags/select_data_mysql.py
[2024-05-20T11:44:01.308+0000] {processor.py:753} INFO - DAG(s) dict_keys(['op_mysql_example']) retrieved from /opt/airflow/dags/select_data_mysql.py
[2024-05-20T11:44:01.477+0000] {logging_mixin.py:137} INFO - [2024-05-20T11:44:01.477+0000] {dag.py:2690} INFO - Sync 1 DAGs
[2024-05-20T11:44:01.536+0000] {logging_mixin.py:137} INFO - [2024-05-20T11:44:01.535+0000] {dag.py:3437} INFO - Setting next_dagrun for op_mysql_example to 2024-05-20T00:00:00+00:00, run_after=2024-05-21T00:00:00+00:00
[2024-05-20T11:44:01.619+0000] {processor.py:175} INFO - Processing /opt/airflow/dags/select_data_mysql.py took 0.449 seconds
[2024-05-20T11:44:32.420+0000] {processor.py:153} INFO - Started process (PID=6052) to work on /opt/airflow/dags/select_data_mysql.py
[2024-05-20T11:44:32.425+0000] {processor.py:743} INFO - Processing file /opt/airflow/dags/select_data_mysql.py for tasks to queue
[2024-05-20T11:44:32.427+0000] {logging_mixin.py:137} INFO - [2024-05-20T11:44:32.426+0000] {dagbag.py:538} INFO - Filling up the DagBag from /opt/airflow/dags/select_data_mysql.py
[2024-05-20T11:44:32.600+0000] {processor.py:753} INFO - DAG(s) dict_keys(['op_mysql_example']) retrieved from /opt/airflow/dags/select_data_mysql.py
[2024-05-20T11:44:32.655+0000] {logging_mixin.py:137} INFO - [2024-05-20T11:44:32.655+0000] {dag.py:2690} INFO - Sync 1 DAGs
[2024-05-20T11:44:32.703+0000] {logging_mixin.py:137} INFO - [2024-05-20T11:44:32.703+0000] {dag.py:3437} INFO - Setting next_dagrun for op_mysql_example to 2024-05-20T00:00:00+00:00, run_after=2024-05-21T00:00:00+00:00
[2024-05-20T11:44:32.746+0000] {processor.py:175} INFO - Processing /opt/airflow/dags/select_data_mysql.py took 0.334 seconds
[2024-05-20T11:45:03.363+0000] {processor.py:153} INFO - Started process (PID=6077) to work on /opt/airflow/dags/select_data_mysql.py
[2024-05-20T11:45:03.367+0000] {processor.py:743} INFO - Processing file /opt/airflow/dags/select_data_mysql.py for tasks to queue
[2024-05-20T11:45:03.372+0000] {logging_mixin.py:137} INFO - [2024-05-20T11:45:03.372+0000] {dagbag.py:538} INFO - Filling up the DagBag from /opt/airflow/dags/select_data_mysql.py
[2024-05-20T11:45:03.896+0000] {processor.py:753} INFO - DAG(s) dict_keys(['op_mysql_example']) retrieved from /opt/airflow/dags/select_data_mysql.py
[2024-05-20T11:45:04.800+0000] {logging_mixin.py:137} INFO - [2024-05-20T11:45:04.799+0000] {dag.py:2690} INFO - Sync 1 DAGs
[2024-05-20T11:45:04.998+0000] {logging_mixin.py:137} INFO - [2024-05-20T11:45:04.998+0000] {dag.py:3437} INFO - Setting next_dagrun for op_mysql_example to 2024-05-20T00:00:00+00:00, run_after=2024-05-21T00:00:00+00:00
[2024-05-20T11:45:05.116+0000] {processor.py:175} INFO - Processing /opt/airflow/dags/select_data_mysql.py took 1.792 seconds
[2024-05-20T11:45:35.812+0000] {processor.py:153} INFO - Started process (PID=6102) to work on /opt/airflow/dags/select_data_mysql.py
[2024-05-20T11:45:35.815+0000] {processor.py:743} INFO - Processing file /opt/airflow/dags/select_data_mysql.py for tasks to queue
[2024-05-20T11:45:35.817+0000] {logging_mixin.py:137} INFO - [2024-05-20T11:45:35.816+0000] {dagbag.py:538} INFO - Filling up the DagBag from /opt/airflow/dags/select_data_mysql.py
[2024-05-20T11:45:36.174+0000] {processor.py:753} INFO - DAG(s) dict_keys(['op_mysql_example']) retrieved from /opt/airflow/dags/select_data_mysql.py
[2024-05-20T11:45:36.425+0000] {logging_mixin.py:137} INFO - [2024-05-20T11:45:36.425+0000] {dag.py:2690} INFO - Sync 1 DAGs
[2024-05-20T11:45:36.561+0000] {logging_mixin.py:137} INFO - [2024-05-20T11:45:36.561+0000] {dag.py:3437} INFO - Setting next_dagrun for op_mysql_example to 2024-05-20T00:00:00+00:00, run_after=2024-05-21T00:00:00+00:00
[2024-05-20T11:45:36.603+0000] {processor.py:175} INFO - Processing /opt/airflow/dags/select_data_mysql.py took 0.795 seconds
[2024-05-20T11:46:07.559+0000] {processor.py:153} INFO - Started process (PID=6127) to work on /opt/airflow/dags/select_data_mysql.py
[2024-05-20T11:46:07.570+0000] {processor.py:743} INFO - Processing file /opt/airflow/dags/select_data_mysql.py for tasks to queue
[2024-05-20T11:46:07.599+0000] {logging_mixin.py:137} INFO - [2024-05-20T11:46:07.599+0000] {dagbag.py:538} INFO - Filling up the DagBag from /opt/airflow/dags/select_data_mysql.py
[2024-05-20T11:46:07.814+0000] {processor.py:753} INFO - DAG(s) dict_keys(['op_mysql_example']) retrieved from /opt/airflow/dags/select_data_mysql.py
[2024-05-20T11:46:08.167+0000] {logging_mixin.py:137} INFO - [2024-05-20T11:46:08.167+0000] {dag.py:2690} INFO - Sync 1 DAGs
[2024-05-20T11:46:08.262+0000] {logging_mixin.py:137} INFO - [2024-05-20T11:46:08.262+0000] {dag.py:3437} INFO - Setting next_dagrun for op_mysql_example to 2024-05-20T00:00:00+00:00, run_after=2024-05-21T00:00:00+00:00
[2024-05-20T11:46:08.371+0000] {processor.py:175} INFO - Processing /opt/airflow/dags/select_data_mysql.py took 0.815 seconds
[2024-05-20T11:46:39.047+0000] {processor.py:153} INFO - Started process (PID=6152) to work on /opt/airflow/dags/select_data_mysql.py
[2024-05-20T11:46:39.048+0000] {processor.py:743} INFO - Processing file /opt/airflow/dags/select_data_mysql.py for tasks to queue
[2024-05-20T11:46:39.050+0000] {logging_mixin.py:137} INFO - [2024-05-20T11:46:39.050+0000] {dagbag.py:538} INFO - Filling up the DagBag from /opt/airflow/dags/select_data_mysql.py
[2024-05-20T11:46:39.420+0000] {processor.py:753} INFO - DAG(s) dict_keys(['op_mysql_example']) retrieved from /opt/airflow/dags/select_data_mysql.py
[2024-05-20T11:46:39.535+0000] {logging_mixin.py:137} INFO - [2024-05-20T11:46:39.535+0000] {dag.py:2690} INFO - Sync 1 DAGs
[2024-05-20T11:46:39.926+0000] {logging_mixin.py:137} INFO - [2024-05-20T11:46:39.925+0000] {dag.py:3437} INFO - Setting next_dagrun for op_mysql_example to 2024-05-20T00:00:00+00:00, run_after=2024-05-21T00:00:00+00:00
[2024-05-20T11:46:39.990+0000] {processor.py:175} INFO - Processing /opt/airflow/dags/select_data_mysql.py took 0.984 seconds
[2024-05-20T11:47:10.144+0000] {processor.py:153} INFO - Started process (PID=6177) to work on /opt/airflow/dags/select_data_mysql.py
[2024-05-20T11:47:10.149+0000] {processor.py:743} INFO - Processing file /opt/airflow/dags/select_data_mysql.py for tasks to queue
[2024-05-20T11:47:10.151+0000] {logging_mixin.py:137} INFO - [2024-05-20T11:47:10.151+0000] {dagbag.py:538} INFO - Filling up the DagBag from /opt/airflow/dags/select_data_mysql.py
[2024-05-20T11:47:10.258+0000] {processor.py:753} INFO - DAG(s) dict_keys(['op_mysql_example']) retrieved from /opt/airflow/dags/select_data_mysql.py
[2024-05-20T11:47:10.449+0000] {logging_mixin.py:137} INFO - [2024-05-20T11:47:10.449+0000] {dag.py:2690} INFO - Sync 1 DAGs
[2024-05-20T11:47:10.515+0000] {logging_mixin.py:137} INFO - [2024-05-20T11:47:10.514+0000] {dag.py:3437} INFO - Setting next_dagrun for op_mysql_example to 2024-05-20T00:00:00+00:00, run_after=2024-05-21T00:00:00+00:00
[2024-05-20T11:47:10.591+0000] {processor.py:175} INFO - Processing /opt/airflow/dags/select_data_mysql.py took 0.451 seconds
[2024-05-20T11:47:40.847+0000] {processor.py:153} INFO - Started process (PID=6202) to work on /opt/airflow/dags/select_data_mysql.py
[2024-05-20T11:47:40.848+0000] {processor.py:743} INFO - Processing file /opt/airflow/dags/select_data_mysql.py for tasks to queue
[2024-05-20T11:47:40.849+0000] {logging_mixin.py:137} INFO - [2024-05-20T11:47:40.849+0000] {dagbag.py:538} INFO - Filling up the DagBag from /opt/airflow/dags/select_data_mysql.py
[2024-05-20T11:47:40.971+0000] {processor.py:753} INFO - DAG(s) dict_keys(['op_mysql_example']) retrieved from /opt/airflow/dags/select_data_mysql.py
[2024-05-20T11:47:41.047+0000] {logging_mixin.py:137} INFO - [2024-05-20T11:47:41.046+0000] {dag.py:2690} INFO - Sync 1 DAGs
[2024-05-20T11:47:41.141+0000] {logging_mixin.py:137} INFO - [2024-05-20T11:47:41.141+0000] {dag.py:3437} INFO - Setting next_dagrun for op_mysql_example to 2024-05-20T00:00:00+00:00, run_after=2024-05-21T00:00:00+00:00
[2024-05-20T11:47:41.182+0000] {processor.py:175} INFO - Processing /opt/airflow/dags/select_data_mysql.py took 0.340 seconds
[2024-05-20T11:48:11.544+0000] {processor.py:153} INFO - Started process (PID=6227) to work on /opt/airflow/dags/select_data_mysql.py
[2024-05-20T11:48:11.566+0000] {processor.py:743} INFO - Processing file /opt/airflow/dags/select_data_mysql.py for tasks to queue
[2024-05-20T11:48:11.567+0000] {logging_mixin.py:137} INFO - [2024-05-20T11:48:11.567+0000] {dagbag.py:538} INFO - Filling up the DagBag from /opt/airflow/dags/select_data_mysql.py
[2024-05-20T11:48:11.672+0000] {processor.py:753} INFO - DAG(s) dict_keys(['op_mysql_example']) retrieved from /opt/airflow/dags/select_data_mysql.py
[2024-05-20T11:48:11.863+0000] {logging_mixin.py:137} INFO - [2024-05-20T11:48:11.861+0000] {dag.py:2690} INFO - Sync 1 DAGs
[2024-05-20T11:48:12.148+0000] {logging_mixin.py:137} INFO - [2024-05-20T11:48:12.148+0000] {dag.py:3437} INFO - Setting next_dagrun for op_mysql_example to 2024-05-20T00:00:00+00:00, run_after=2024-05-21T00:00:00+00:00
[2024-05-20T11:48:12.205+0000] {processor.py:175} INFO - Processing /opt/airflow/dags/select_data_mysql.py took 0.691 seconds
[2024-05-20T11:48:42.842+0000] {processor.py:153} INFO - Started process (PID=6252) to work on /opt/airflow/dags/select_data_mysql.py
[2024-05-20T11:48:42.857+0000] {processor.py:743} INFO - Processing file /opt/airflow/dags/select_data_mysql.py for tasks to queue
[2024-05-20T11:48:42.860+0000] {logging_mixin.py:137} INFO - [2024-05-20T11:48:42.860+0000] {dagbag.py:538} INFO - Filling up the DagBag from /opt/airflow/dags/select_data_mysql.py
[2024-05-20T11:48:43.312+0000] {processor.py:753} INFO - DAG(s) dict_keys(['op_mysql_example']) retrieved from /opt/airflow/dags/select_data_mysql.py
[2024-05-20T11:48:44.001+0000] {logging_mixin.py:137} INFO - [2024-05-20T11:48:44.001+0000] {dag.py:2690} INFO - Sync 1 DAGs
[2024-05-20T11:48:44.260+0000] {logging_mixin.py:137} INFO - [2024-05-20T11:48:44.260+0000] {dag.py:3437} INFO - Setting next_dagrun for op_mysql_example to 2024-05-20T00:00:00+00:00, run_after=2024-05-21T00:00:00+00:00
[2024-05-20T11:48:44.987+0000] {processor.py:175} INFO - Processing /opt/airflow/dags/select_data_mysql.py took 2.149 seconds
[2024-05-20T11:49:16.159+0000] {processor.py:153} INFO - Started process (PID=6277) to work on /opt/airflow/dags/select_data_mysql.py
[2024-05-20T11:49:16.165+0000] {processor.py:743} INFO - Processing file /opt/airflow/dags/select_data_mysql.py for tasks to queue
[2024-05-20T11:49:16.168+0000] {logging_mixin.py:137} INFO - [2024-05-20T11:49:16.167+0000] {dagbag.py:538} INFO - Filling up the DagBag from /opt/airflow/dags/select_data_mysql.py
[2024-05-20T11:49:16.347+0000] {processor.py:753} INFO - DAG(s) dict_keys(['op_mysql_example']) retrieved from /opt/airflow/dags/select_data_mysql.py
[2024-05-20T11:49:16.634+0000] {logging_mixin.py:137} INFO - [2024-05-20T11:49:16.634+0000] {dag.py:2690} INFO - Sync 1 DAGs
[2024-05-20T11:49:16.740+0000] {logging_mixin.py:137} INFO - [2024-05-20T11:49:16.739+0000] {dag.py:3437} INFO - Setting next_dagrun for op_mysql_example to 2024-05-20T00:00:00+00:00, run_after=2024-05-21T00:00:00+00:00
[2024-05-20T11:49:16.839+0000] {processor.py:175} INFO - Processing /opt/airflow/dags/select_data_mysql.py took 0.701 seconds
[2024-05-20T11:49:47.129+0000] {processor.py:153} INFO - Started process (PID=6307) to work on /opt/airflow/dags/select_data_mysql.py
[2024-05-20T11:49:47.132+0000] {processor.py:743} INFO - Processing file /opt/airflow/dags/select_data_mysql.py for tasks to queue
[2024-05-20T11:49:47.147+0000] {logging_mixin.py:137} INFO - [2024-05-20T11:49:47.147+0000] {dagbag.py:538} INFO - Filling up the DagBag from /opt/airflow/dags/select_data_mysql.py
[2024-05-20T11:49:47.270+0000] {processor.py:753} INFO - DAG(s) dict_keys(['op_mysql_example']) retrieved from /opt/airflow/dags/select_data_mysql.py
[2024-05-20T11:49:47.294+0000] {logging_mixin.py:137} INFO - [2024-05-20T11:49:47.294+0000] {dag.py:2690} INFO - Sync 1 DAGs
[2024-05-20T11:49:47.344+0000] {logging_mixin.py:137} INFO - [2024-05-20T11:49:47.344+0000] {dag.py:3437} INFO - Setting next_dagrun for op_mysql_example to 2024-05-20T00:00:00+00:00, run_after=2024-05-21T00:00:00+00:00
[2024-05-20T11:49:47.420+0000] {processor.py:175} INFO - Processing /opt/airflow/dags/select_data_mysql.py took 0.299 seconds
[2024-05-20T11:50:17.617+0000] {processor.py:153} INFO - Started process (PID=6327) to work on /opt/airflow/dags/select_data_mysql.py
[2024-05-20T11:50:17.623+0000] {processor.py:743} INFO - Processing file /opt/airflow/dags/select_data_mysql.py for tasks to queue
[2024-05-20T11:50:17.624+0000] {logging_mixin.py:137} INFO - [2024-05-20T11:50:17.624+0000] {dagbag.py:538} INFO - Filling up the DagBag from /opt/airflow/dags/select_data_mysql.py
[2024-05-20T11:50:17.731+0000] {processor.py:753} INFO - DAG(s) dict_keys(['op_mysql_example']) retrieved from /opt/airflow/dags/select_data_mysql.py
[2024-05-20T11:50:18.028+0000] {logging_mixin.py:137} INFO - [2024-05-20T11:50:18.027+0000] {dag.py:2690} INFO - Sync 1 DAGs
[2024-05-20T11:50:18.127+0000] {logging_mixin.py:137} INFO - [2024-05-20T11:50:18.126+0000] {dag.py:3437} INFO - Setting next_dagrun for op_mysql_example to 2024-05-20T00:00:00+00:00, run_after=2024-05-21T00:00:00+00:00
[2024-05-20T11:50:18.314+0000] {processor.py:175} INFO - Processing /opt/airflow/dags/select_data_mysql.py took 0.701 seconds
[2024-05-20T11:50:48.898+0000] {processor.py:153} INFO - Started process (PID=6352) to work on /opt/airflow/dags/select_data_mysql.py
[2024-05-20T11:50:48.908+0000] {processor.py:743} INFO - Processing file /opt/airflow/dags/select_data_mysql.py for tasks to queue
[2024-05-20T11:50:48.921+0000] {logging_mixin.py:137} INFO - [2024-05-20T11:50:48.921+0000] {dagbag.py:538} INFO - Filling up the DagBag from /opt/airflow/dags/select_data_mysql.py
[2024-05-20T11:50:49.151+0000] {processor.py:753} INFO - DAG(s) dict_keys(['op_mysql_example']) retrieved from /opt/airflow/dags/select_data_mysql.py
[2024-05-20T11:50:49.265+0000] {logging_mixin.py:137} INFO - [2024-05-20T11:50:49.264+0000] {dag.py:2690} INFO - Sync 1 DAGs
[2024-05-20T11:50:49.395+0000] {logging_mixin.py:137} INFO - [2024-05-20T11:50:49.394+0000] {dag.py:3437} INFO - Setting next_dagrun for op_mysql_example to 2024-05-20T00:00:00+00:00, run_after=2024-05-21T00:00:00+00:00
[2024-05-20T11:50:49.436+0000] {processor.py:175} INFO - Processing /opt/airflow/dags/select_data_mysql.py took 0.542 seconds
[2024-05-20T11:51:19.640+0000] {processor.py:153} INFO - Started process (PID=6377) to work on /opt/airflow/dags/select_data_mysql.py
[2024-05-20T11:51:19.642+0000] {processor.py:743} INFO - Processing file /opt/airflow/dags/select_data_mysql.py for tasks to queue
[2024-05-20T11:51:19.644+0000] {logging_mixin.py:137} INFO - [2024-05-20T11:51:19.643+0000] {dagbag.py:538} INFO - Filling up the DagBag from /opt/airflow/dags/select_data_mysql.py
[2024-05-20T11:51:19.800+0000] {processor.py:753} INFO - DAG(s) dict_keys(['op_mysql_example']) retrieved from /opt/airflow/dags/select_data_mysql.py
[2024-05-20T11:51:19.969+0000] {logging_mixin.py:137} INFO - [2024-05-20T11:51:19.968+0000] {dag.py:2690} INFO - Sync 1 DAGs
[2024-05-20T11:51:20.094+0000] {logging_mixin.py:137} INFO - [2024-05-20T11:51:20.094+0000] {dag.py:3437} INFO - Setting next_dagrun for op_mysql_example to 2024-05-20T00:00:00+00:00, run_after=2024-05-21T00:00:00+00:00
[2024-05-20T11:51:20.181+0000] {processor.py:175} INFO - Processing /opt/airflow/dags/select_data_mysql.py took 0.544 seconds
[2024-05-20T11:51:50.443+0000] {processor.py:153} INFO - Started process (PID=6402) to work on /opt/airflow/dags/select_data_mysql.py
[2024-05-20T11:51:50.458+0000] {processor.py:743} INFO - Processing file /opt/airflow/dags/select_data_mysql.py for tasks to queue
[2024-05-20T11:51:50.460+0000] {logging_mixin.py:137} INFO - [2024-05-20T11:51:50.460+0000] {dagbag.py:538} INFO - Filling up the DagBag from /opt/airflow/dags/select_data_mysql.py
[2024-05-20T11:51:50.594+0000] {processor.py:753} INFO - DAG(s) dict_keys(['op_mysql_example']) retrieved from /opt/airflow/dags/select_data_mysql.py
[2024-05-20T11:51:50.757+0000] {logging_mixin.py:137} INFO - [2024-05-20T11:51:50.757+0000] {dag.py:2690} INFO - Sync 1 DAGs
[2024-05-20T11:51:50.925+0000] {logging_mixin.py:137} INFO - [2024-05-20T11:51:50.925+0000] {dag.py:3437} INFO - Setting next_dagrun for op_mysql_example to 2024-05-20T00:00:00+00:00, run_after=2024-05-21T00:00:00+00:00
[2024-05-20T11:51:51.068+0000] {processor.py:175} INFO - Processing /opt/airflow/dags/select_data_mysql.py took 0.631 seconds
[2024-05-20T11:52:21.227+0000] {processor.py:153} INFO - Started process (PID=6427) to work on /opt/airflow/dags/select_data_mysql.py
[2024-05-20T11:52:21.229+0000] {processor.py:743} INFO - Processing file /opt/airflow/dags/select_data_mysql.py for tasks to queue
[2024-05-20T11:52:21.231+0000] {logging_mixin.py:137} INFO - [2024-05-20T11:52:21.231+0000] {dagbag.py:538} INFO - Filling up the DagBag from /opt/airflow/dags/select_data_mysql.py
[2024-05-20T11:52:21.301+0000] {processor.py:753} INFO - DAG(s) dict_keys(['op_mysql_example']) retrieved from /opt/airflow/dags/select_data_mysql.py
[2024-05-20T11:52:21.393+0000] {logging_mixin.py:137} INFO - [2024-05-20T11:52:21.393+0000] {dag.py:2690} INFO - Sync 1 DAGs
[2024-05-20T11:52:21.429+0000] {logging_mixin.py:137} INFO - [2024-05-20T11:52:21.429+0000] {dag.py:3437} INFO - Setting next_dagrun for op_mysql_example to 2024-05-20T00:00:00+00:00, run_after=2024-05-21T00:00:00+00:00
[2024-05-20T11:52:21.465+0000] {processor.py:175} INFO - Processing /opt/airflow/dags/select_data_mysql.py took 0.241 seconds
[2024-05-20T11:52:51.710+0000] {processor.py:153} INFO - Started process (PID=6452) to work on /opt/airflow/dags/select_data_mysql.py
[2024-05-20T11:52:51.714+0000] {processor.py:743} INFO - Processing file /opt/airflow/dags/select_data_mysql.py for tasks to queue
[2024-05-20T11:52:51.716+0000] {logging_mixin.py:137} INFO - [2024-05-20T11:52:51.716+0000] {dagbag.py:538} INFO - Filling up the DagBag from /opt/airflow/dags/select_data_mysql.py
[2024-05-20T11:52:51.848+0000] {processor.py:753} INFO - DAG(s) dict_keys(['op_mysql_example']) retrieved from /opt/airflow/dags/select_data_mysql.py
[2024-05-20T11:52:51.925+0000] {logging_mixin.py:137} INFO - [2024-05-20T11:52:51.925+0000] {dag.py:2690} INFO - Sync 1 DAGs
[2024-05-20T11:52:52.010+0000] {logging_mixin.py:137} INFO - [2024-05-20T11:52:52.009+0000] {dag.py:3437} INFO - Setting next_dagrun for op_mysql_example to 2024-05-20T00:00:00+00:00, run_after=2024-05-21T00:00:00+00:00
[2024-05-20T11:52:52.194+0000] {processor.py:175} INFO - Processing /opt/airflow/dags/select_data_mysql.py took 0.493 seconds
[2024-05-20T11:53:22.552+0000] {processor.py:153} INFO - Started process (PID=6477) to work on /opt/airflow/dags/select_data_mysql.py
[2024-05-20T11:53:22.553+0000] {processor.py:743} INFO - Processing file /opt/airflow/dags/select_data_mysql.py for tasks to queue
[2024-05-20T11:53:22.555+0000] {logging_mixin.py:137} INFO - [2024-05-20T11:53:22.554+0000] {dagbag.py:538} INFO - Filling up the DagBag from /opt/airflow/dags/select_data_mysql.py
[2024-05-20T11:53:22.623+0000] {processor.py:753} INFO - DAG(s) dict_keys(['op_mysql_example']) retrieved from /opt/airflow/dags/select_data_mysql.py
[2024-05-20T11:53:22.651+0000] {logging_mixin.py:137} INFO - [2024-05-20T11:53:22.651+0000] {dag.py:2690} INFO - Sync 1 DAGs
[2024-05-20T11:53:22.697+0000] {logging_mixin.py:137} INFO - [2024-05-20T11:53:22.697+0000] {dag.py:3437} INFO - Setting next_dagrun for op_mysql_example to 2024-05-20T00:00:00+00:00, run_after=2024-05-21T00:00:00+00:00
[2024-05-20T11:53:22.743+0000] {processor.py:175} INFO - Processing /opt/airflow/dags/select_data_mysql.py took 0.201 seconds
[2024-05-20T11:53:52.949+0000] {processor.py:153} INFO - Started process (PID=6502) to work on /opt/airflow/dags/select_data_mysql.py
[2024-05-20T11:53:52.950+0000] {processor.py:743} INFO - Processing file /opt/airflow/dags/select_data_mysql.py for tasks to queue
[2024-05-20T11:53:52.951+0000] {logging_mixin.py:137} INFO - [2024-05-20T11:53:52.951+0000] {dagbag.py:538} INFO - Filling up the DagBag from /opt/airflow/dags/select_data_mysql.py
[2024-05-20T11:53:53.009+0000] {processor.py:753} INFO - DAG(s) dict_keys(['op_mysql_example']) retrieved from /opt/airflow/dags/select_data_mysql.py
[2024-05-20T11:53:53.098+0000] {logging_mixin.py:137} INFO - [2024-05-20T11:53:53.098+0000] {dag.py:2690} INFO - Sync 1 DAGs
[2024-05-20T11:53:53.129+0000] {logging_mixin.py:137} INFO - [2024-05-20T11:53:53.128+0000] {dag.py:3437} INFO - Setting next_dagrun for op_mysql_example to 2024-05-20T00:00:00+00:00, run_after=2024-05-21T00:00:00+00:00
[2024-05-20T11:53:53.319+0000] {processor.py:175} INFO - Processing /opt/airflow/dags/select_data_mysql.py took 0.374 seconds
[2024-05-20T11:54:23.818+0000] {processor.py:153} INFO - Started process (PID=6527) to work on /opt/airflow/dags/select_data_mysql.py
[2024-05-20T11:54:23.820+0000] {processor.py:743} INFO - Processing file /opt/airflow/dags/select_data_mysql.py for tasks to queue
[2024-05-20T11:54:23.821+0000] {logging_mixin.py:137} INFO - [2024-05-20T11:54:23.821+0000] {dagbag.py:538} INFO - Filling up the DagBag from /opt/airflow/dags/select_data_mysql.py
[2024-05-20T11:54:23.881+0000] {processor.py:753} INFO - DAG(s) dict_keys(['op_mysql_example']) retrieved from /opt/airflow/dags/select_data_mysql.py
[2024-05-20T11:54:23.930+0000] {logging_mixin.py:137} INFO - [2024-05-20T11:54:23.929+0000] {dag.py:2690} INFO - Sync 1 DAGs
[2024-05-20T11:54:23.982+0000] {logging_mixin.py:137} INFO - [2024-05-20T11:54:23.982+0000] {dag.py:3437} INFO - Setting next_dagrun for op_mysql_example to 2024-05-20T00:00:00+00:00, run_after=2024-05-21T00:00:00+00:00
[2024-05-20T11:54:24.081+0000] {processor.py:175} INFO - Processing /opt/airflow/dags/select_data_mysql.py took 0.267 seconds
[2024-05-20T11:54:54.323+0000] {processor.py:153} INFO - Started process (PID=6552) to work on /opt/airflow/dags/select_data_mysql.py
[2024-05-20T11:54:54.324+0000] {processor.py:743} INFO - Processing file /opt/airflow/dags/select_data_mysql.py for tasks to queue
[2024-05-20T11:54:54.327+0000] {logging_mixin.py:137} INFO - [2024-05-20T11:54:54.326+0000] {dagbag.py:538} INFO - Filling up the DagBag from /opt/airflow/dags/select_data_mysql.py
[2024-05-20T11:54:54.402+0000] {processor.py:753} INFO - DAG(s) dict_keys(['op_mysql_example']) retrieved from /opt/airflow/dags/select_data_mysql.py
[2024-05-20T11:54:54.422+0000] {logging_mixin.py:137} INFO - [2024-05-20T11:54:54.422+0000] {dag.py:2690} INFO - Sync 1 DAGs
[2024-05-20T11:54:54.475+0000] {logging_mixin.py:137} INFO - [2024-05-20T11:54:54.475+0000] {dag.py:3437} INFO - Setting next_dagrun for op_mysql_example to 2024-05-20T00:00:00+00:00, run_after=2024-05-21T00:00:00+00:00
[2024-05-20T11:54:54.545+0000] {processor.py:175} INFO - Processing /opt/airflow/dags/select_data_mysql.py took 0.225 seconds
[2024-05-20T11:55:25.026+0000] {processor.py:153} INFO - Started process (PID=6577) to work on /opt/airflow/dags/select_data_mysql.py
[2024-05-20T11:55:25.030+0000] {processor.py:743} INFO - Processing file /opt/airflow/dags/select_data_mysql.py for tasks to queue
[2024-05-20T11:55:25.033+0000] {logging_mixin.py:137} INFO - [2024-05-20T11:55:25.033+0000] {dagbag.py:538} INFO - Filling up the DagBag from /opt/airflow/dags/select_data_mysql.py
[2024-05-20T11:55:25.092+0000] {processor.py:753} INFO - DAG(s) dict_keys(['op_mysql_example']) retrieved from /opt/airflow/dags/select_data_mysql.py
[2024-05-20T11:55:25.298+0000] {logging_mixin.py:137} INFO - [2024-05-20T11:55:25.298+0000] {dag.py:2690} INFO - Sync 1 DAGs
[2024-05-20T11:55:25.358+0000] {logging_mixin.py:137} INFO - [2024-05-20T11:55:25.358+0000] {dag.py:3437} INFO - Setting next_dagrun for op_mysql_example to 2024-05-20T00:00:00+00:00, run_after=2024-05-21T00:00:00+00:00
[2024-05-20T11:55:25.457+0000] {processor.py:175} INFO - Processing /opt/airflow/dags/select_data_mysql.py took 0.435 seconds
[2024-05-20T11:55:56.031+0000] {processor.py:153} INFO - Started process (PID=6602) to work on /opt/airflow/dags/select_data_mysql.py
[2024-05-20T11:55:56.037+0000] {processor.py:743} INFO - Processing file /opt/airflow/dags/select_data_mysql.py for tasks to queue
[2024-05-20T11:55:56.038+0000] {logging_mixin.py:137} INFO - [2024-05-20T11:55:56.038+0000] {dagbag.py:538} INFO - Filling up the DagBag from /opt/airflow/dags/select_data_mysql.py
[2024-05-20T11:55:56.145+0000] {processor.py:753} INFO - DAG(s) dict_keys(['op_mysql_example']) retrieved from /opt/airflow/dags/select_data_mysql.py
[2024-05-20T11:55:56.194+0000] {logging_mixin.py:137} INFO - [2024-05-20T11:55:56.193+0000] {dag.py:2690} INFO - Sync 1 DAGs
[2024-05-20T11:55:56.247+0000] {logging_mixin.py:137} INFO - [2024-05-20T11:55:56.247+0000] {dag.py:3437} INFO - Setting next_dagrun for op_mysql_example to 2024-05-20T00:00:00+00:00, run_after=2024-05-21T00:00:00+00:00
[2024-05-20T11:55:56.312+0000] {processor.py:175} INFO - Processing /opt/airflow/dags/select_data_mysql.py took 0.285 seconds
[2024-05-20T11:56:26.942+0000] {processor.py:153} INFO - Started process (PID=6627) to work on /opt/airflow/dags/select_data_mysql.py
[2024-05-20T11:56:26.944+0000] {processor.py:743} INFO - Processing file /opt/airflow/dags/select_data_mysql.py for tasks to queue
[2024-05-20T11:56:26.945+0000] {logging_mixin.py:137} INFO - [2024-05-20T11:56:26.945+0000] {dagbag.py:538} INFO - Filling up the DagBag from /opt/airflow/dags/select_data_mysql.py
[2024-05-20T11:56:27.055+0000] {processor.py:753} INFO - DAG(s) dict_keys(['op_mysql_example']) retrieved from /opt/airflow/dags/select_data_mysql.py
[2024-05-20T11:56:27.095+0000] {logging_mixin.py:137} INFO - [2024-05-20T11:56:27.094+0000] {dag.py:2690} INFO - Sync 1 DAGs
[2024-05-20T11:56:27.189+0000] {logging_mixin.py:137} INFO - [2024-05-20T11:56:27.189+0000] {dag.py:3437} INFO - Setting next_dagrun for op_mysql_example to 2024-05-20T00:00:00+00:00, run_after=2024-05-21T00:00:00+00:00
[2024-05-20T11:56:27.229+0000] {processor.py:175} INFO - Processing /opt/airflow/dags/select_data_mysql.py took 0.291 seconds
[2024-05-20T11:56:57.508+0000] {processor.py:153} INFO - Started process (PID=6652) to work on /opt/airflow/dags/select_data_mysql.py
[2024-05-20T11:56:57.518+0000] {processor.py:743} INFO - Processing file /opt/airflow/dags/select_data_mysql.py for tasks to queue
[2024-05-20T11:56:57.546+0000] {logging_mixin.py:137} INFO - [2024-05-20T11:56:57.546+0000] {dagbag.py:538} INFO - Filling up the DagBag from /opt/airflow/dags/select_data_mysql.py
[2024-05-20T11:56:57.801+0000] {processor.py:753} INFO - DAG(s) dict_keys(['op_mysql_example']) retrieved from /opt/airflow/dags/select_data_mysql.py
[2024-05-20T11:56:57.905+0000] {logging_mixin.py:137} INFO - [2024-05-20T11:56:57.905+0000] {dag.py:2690} INFO - Sync 1 DAGs
[2024-05-20T11:56:57.952+0000] {logging_mixin.py:137} INFO - [2024-05-20T11:56:57.952+0000] {dag.py:3437} INFO - Setting next_dagrun for op_mysql_example to 2024-05-20T00:00:00+00:00, run_after=2024-05-21T00:00:00+00:00
[2024-05-20T11:56:57.987+0000] {processor.py:175} INFO - Processing /opt/airflow/dags/select_data_mysql.py took 0.483 seconds
[2024-05-20T11:57:29.052+0000] {processor.py:153} INFO - Started process (PID=6677) to work on /opt/airflow/dags/select_data_mysql.py
[2024-05-20T11:57:29.061+0000] {processor.py:743} INFO - Processing file /opt/airflow/dags/select_data_mysql.py for tasks to queue
[2024-05-20T11:57:29.077+0000] {logging_mixin.py:137} INFO - [2024-05-20T11:57:29.077+0000] {dagbag.py:538} INFO - Filling up the DagBag from /opt/airflow/dags/select_data_mysql.py
[2024-05-20T11:57:29.309+0000] {processor.py:753} INFO - DAG(s) dict_keys(['op_mysql_example']) retrieved from /opt/airflow/dags/select_data_mysql.py
[2024-05-20T11:57:29.403+0000] {logging_mixin.py:137} INFO - [2024-05-20T11:57:29.403+0000] {dag.py:2690} INFO - Sync 1 DAGs
[2024-05-20T11:57:29.498+0000] {logging_mixin.py:137} INFO - [2024-05-20T11:57:29.498+0000] {dag.py:3437} INFO - Setting next_dagrun for op_mysql_example to 2024-05-20T00:00:00+00:00, run_after=2024-05-21T00:00:00+00:00
[2024-05-20T11:57:29.604+0000] {processor.py:175} INFO - Processing /opt/airflow/dags/select_data_mysql.py took 0.556 seconds
[2024-05-20T11:57:59.834+0000] {processor.py:153} INFO - Started process (PID=6702) to work on /opt/airflow/dags/select_data_mysql.py
[2024-05-20T11:57:59.836+0000] {processor.py:743} INFO - Processing file /opt/airflow/dags/select_data_mysql.py for tasks to queue
[2024-05-20T11:57:59.837+0000] {logging_mixin.py:137} INFO - [2024-05-20T11:57:59.837+0000] {dagbag.py:538} INFO - Filling up the DagBag from /opt/airflow/dags/select_data_mysql.py
[2024-05-20T11:57:59.895+0000] {processor.py:753} INFO - DAG(s) dict_keys(['op_mysql_example']) retrieved from /opt/airflow/dags/select_data_mysql.py
[2024-05-20T11:57:59.914+0000] {logging_mixin.py:137} INFO - [2024-05-20T11:57:59.913+0000] {dag.py:2690} INFO - Sync 1 DAGs
[2024-05-20T11:57:59.960+0000] {logging_mixin.py:137} INFO - [2024-05-20T11:57:59.960+0000] {dag.py:3437} INFO - Setting next_dagrun for op_mysql_example to 2024-05-20T00:00:00+00:00, run_after=2024-05-21T00:00:00+00:00
[2024-05-20T11:58:00.079+0000] {processor.py:175} INFO - Processing /opt/airflow/dags/select_data_mysql.py took 0.248 seconds
[2024-05-20T11:58:30.207+0000] {processor.py:153} INFO - Started process (PID=6727) to work on /opt/airflow/dags/select_data_mysql.py
[2024-05-20T11:58:30.209+0000] {processor.py:743} INFO - Processing file /opt/airflow/dags/select_data_mysql.py for tasks to queue
[2024-05-20T11:58:30.210+0000] {logging_mixin.py:137} INFO - [2024-05-20T11:58:30.210+0000] {dagbag.py:538} INFO - Filling up the DagBag from /opt/airflow/dags/select_data_mysql.py
[2024-05-20T11:58:30.323+0000] {processor.py:753} INFO - DAG(s) dict_keys(['op_mysql_example']) retrieved from /opt/airflow/dags/select_data_mysql.py
[2024-05-20T11:58:30.479+0000] {logging_mixin.py:137} INFO - [2024-05-20T11:58:30.479+0000] {dag.py:2690} INFO - Sync 1 DAGs
[2024-05-20T11:58:30.546+0000] {logging_mixin.py:137} INFO - [2024-05-20T11:58:30.546+0000] {dag.py:3437} INFO - Setting next_dagrun for op_mysql_example to 2024-05-20T00:00:00+00:00, run_after=2024-05-21T00:00:00+00:00
[2024-05-20T11:58:30.625+0000] {processor.py:175} INFO - Processing /opt/airflow/dags/select_data_mysql.py took 0.422 seconds
[2024-05-20T11:59:01.239+0000] {processor.py:153} INFO - Started process (PID=6752) to work on /opt/airflow/dags/select_data_mysql.py
[2024-05-20T11:59:01.245+0000] {processor.py:743} INFO - Processing file /opt/airflow/dags/select_data_mysql.py for tasks to queue
[2024-05-20T11:59:01.252+0000] {logging_mixin.py:137} INFO - [2024-05-20T11:59:01.251+0000] {dagbag.py:538} INFO - Filling up the DagBag from /opt/airflow/dags/select_data_mysql.py
[2024-05-20T11:59:01.425+0000] {processor.py:753} INFO - DAG(s) dict_keys(['op_mysql_example']) retrieved from /opt/airflow/dags/select_data_mysql.py
[2024-05-20T11:59:01.526+0000] {logging_mixin.py:137} INFO - [2024-05-20T11:59:01.526+0000] {dag.py:2690} INFO - Sync 1 DAGs
[2024-05-20T11:59:01.603+0000] {logging_mixin.py:137} INFO - [2024-05-20T11:59:01.603+0000] {dag.py:3437} INFO - Setting next_dagrun for op_mysql_example to 2024-05-20T00:00:00+00:00, run_after=2024-05-21T00:00:00+00:00
[2024-05-20T11:59:01.740+0000] {processor.py:175} INFO - Processing /opt/airflow/dags/select_data_mysql.py took 0.506 seconds
[2024-05-20T11:59:32.325+0000] {processor.py:153} INFO - Started process (PID=6777) to work on /opt/airflow/dags/select_data_mysql.py
[2024-05-20T11:59:32.327+0000] {processor.py:743} INFO - Processing file /opt/airflow/dags/select_data_mysql.py for tasks to queue
[2024-05-20T11:59:32.330+0000] {logging_mixin.py:137} INFO - [2024-05-20T11:59:32.330+0000] {dagbag.py:538} INFO - Filling up the DagBag from /opt/airflow/dags/select_data_mysql.py
[2024-05-20T11:59:32.424+0000] {processor.py:753} INFO - DAG(s) dict_keys(['op_mysql_example']) retrieved from /opt/airflow/dags/select_data_mysql.py
[2024-05-20T11:59:32.634+0000] {logging_mixin.py:137} INFO - [2024-05-20T11:59:32.633+0000] {dag.py:2690} INFO - Sync 1 DAGs
[2024-05-20T11:59:32.680+0000] {logging_mixin.py:137} INFO - [2024-05-20T11:59:32.680+0000] {dag.py:3437} INFO - Setting next_dagrun for op_mysql_example to 2024-05-20T00:00:00+00:00, run_after=2024-05-21T00:00:00+00:00
[2024-05-20T11:59:32.737+0000] {processor.py:175} INFO - Processing /opt/airflow/dags/select_data_mysql.py took 0.419 seconds
[2024-05-20T12:00:03.108+0000] {processor.py:153} INFO - Started process (PID=6802) to work on /opt/airflow/dags/select_data_mysql.py
[2024-05-20T12:00:03.109+0000] {processor.py:743} INFO - Processing file /opt/airflow/dags/select_data_mysql.py for tasks to queue
[2024-05-20T12:00:03.111+0000] {logging_mixin.py:137} INFO - [2024-05-20T12:00:03.110+0000] {dagbag.py:538} INFO - Filling up the DagBag from /opt/airflow/dags/select_data_mysql.py
[2024-05-20T12:00:03.182+0000] {processor.py:753} INFO - DAG(s) dict_keys(['op_mysql_example']) retrieved from /opt/airflow/dags/select_data_mysql.py
[2024-05-20T12:00:03.227+0000] {logging_mixin.py:137} INFO - [2024-05-20T12:00:03.227+0000] {dag.py:2690} INFO - Sync 1 DAGs
[2024-05-20T12:00:03.291+0000] {logging_mixin.py:137} INFO - [2024-05-20T12:00:03.291+0000] {dag.py:3437} INFO - Setting next_dagrun for op_mysql_example to 2024-05-20T00:00:00+00:00, run_after=2024-05-21T00:00:00+00:00
[2024-05-20T12:00:03.353+0000] {processor.py:175} INFO - Processing /opt/airflow/dags/select_data_mysql.py took 0.274 seconds
[2024-05-20T12:00:33.640+0000] {processor.py:153} INFO - Started process (PID=6827) to work on /opt/airflow/dags/select_data_mysql.py
[2024-05-20T12:00:33.642+0000] {processor.py:743} INFO - Processing file /opt/airflow/dags/select_data_mysql.py for tasks to queue
[2024-05-20T12:00:33.643+0000] {logging_mixin.py:137} INFO - [2024-05-20T12:00:33.643+0000] {dagbag.py:538} INFO - Filling up the DagBag from /opt/airflow/dags/select_data_mysql.py
[2024-05-20T12:00:33.712+0000] {processor.py:753} INFO - DAG(s) dict_keys(['op_mysql_example']) retrieved from /opt/airflow/dags/select_data_mysql.py
[2024-05-20T12:00:33.819+0000] {logging_mixin.py:137} INFO - [2024-05-20T12:00:33.819+0000] {dag.py:2690} INFO - Sync 1 DAGs
[2024-05-20T12:00:33.851+0000] {logging_mixin.py:137} INFO - [2024-05-20T12:00:33.851+0000] {dag.py:3437} INFO - Setting next_dagrun for op_mysql_example to 2024-05-20T00:00:00+00:00, run_after=2024-05-21T00:00:00+00:00
[2024-05-20T12:00:33.881+0000] {processor.py:175} INFO - Processing /opt/airflow/dags/select_data_mysql.py took 0.244 seconds
[2024-05-20T12:01:03.962+0000] {processor.py:153} INFO - Started process (PID=6852) to work on /opt/airflow/dags/select_data_mysql.py
[2024-05-20T12:01:03.963+0000] {processor.py:743} INFO - Processing file /opt/airflow/dags/select_data_mysql.py for tasks to queue
[2024-05-20T12:01:03.965+0000] {logging_mixin.py:137} INFO - [2024-05-20T12:01:03.964+0000] {dagbag.py:538} INFO - Filling up the DagBag from /opt/airflow/dags/select_data_mysql.py
[2024-05-20T12:01:04.044+0000] {processor.py:753} INFO - DAG(s) dict_keys(['op_mysql_example']) retrieved from /opt/airflow/dags/select_data_mysql.py
[2024-05-20T12:01:04.083+0000] {logging_mixin.py:137} INFO - [2024-05-20T12:01:04.083+0000] {dag.py:2690} INFO - Sync 1 DAGs
[2024-05-20T12:01:04.119+0000] {logging_mixin.py:137} INFO - [2024-05-20T12:01:04.119+0000] {dag.py:3437} INFO - Setting next_dagrun for op_mysql_example to 2024-05-20T00:00:00+00:00, run_after=2024-05-21T00:00:00+00:00
[2024-05-20T12:01:04.162+0000] {processor.py:175} INFO - Processing /opt/airflow/dags/select_data_mysql.py took 0.203 seconds
[2024-05-20T12:01:34.535+0000] {processor.py:153} INFO - Started process (PID=6877) to work on /opt/airflow/dags/select_data_mysql.py
[2024-05-20T12:01:34.537+0000] {processor.py:743} INFO - Processing file /opt/airflow/dags/select_data_mysql.py for tasks to queue
[2024-05-20T12:01:34.538+0000] {logging_mixin.py:137} INFO - [2024-05-20T12:01:34.538+0000] {dagbag.py:538} INFO - Filling up the DagBag from /opt/airflow/dags/select_data_mysql.py
[2024-05-20T12:01:34.608+0000] {processor.py:753} INFO - DAG(s) dict_keys(['op_mysql_example']) retrieved from /opt/airflow/dags/select_data_mysql.py
[2024-05-20T12:01:34.624+0000] {logging_mixin.py:137} INFO - [2024-05-20T12:01:34.624+0000] {dag.py:2690} INFO - Sync 1 DAGs
[2024-05-20T12:01:34.677+0000] {logging_mixin.py:137} INFO - [2024-05-20T12:01:34.677+0000] {dag.py:3437} INFO - Setting next_dagrun for op_mysql_example to 2024-05-20T00:00:00+00:00, run_after=2024-05-21T00:00:00+00:00
[2024-05-20T12:01:34.719+0000] {processor.py:175} INFO - Processing /opt/airflow/dags/select_data_mysql.py took 0.189 seconds
[2024-05-20T12:02:05.297+0000] {processor.py:153} INFO - Started process (PID=6902) to work on /opt/airflow/dags/select_data_mysql.py
[2024-05-20T12:02:05.298+0000] {processor.py:743} INFO - Processing file /opt/airflow/dags/select_data_mysql.py for tasks to queue
[2024-05-20T12:02:05.299+0000] {logging_mixin.py:137} INFO - [2024-05-20T12:02:05.299+0000] {dagbag.py:538} INFO - Filling up the DagBag from /opt/airflow/dags/select_data_mysql.py
[2024-05-20T12:02:05.388+0000] {processor.py:753} INFO - DAG(s) dict_keys(['op_mysql_example']) retrieved from /opt/airflow/dags/select_data_mysql.py
[2024-05-20T12:02:05.513+0000] {logging_mixin.py:137} INFO - [2024-05-20T12:02:05.513+0000] {dag.py:2690} INFO - Sync 1 DAGs
[2024-05-20T12:02:05.593+0000] {logging_mixin.py:137} INFO - [2024-05-20T12:02:05.593+0000] {dag.py:3437} INFO - Setting next_dagrun for op_mysql_example to 2024-05-20T00:00:00+00:00, run_after=2024-05-21T00:00:00+00:00
[2024-05-20T12:02:05.682+0000] {processor.py:175} INFO - Processing /opt/airflow/dags/select_data_mysql.py took 0.389 seconds
[2024-05-20T12:02:36.369+0000] {processor.py:153} INFO - Started process (PID=6927) to work on /opt/airflow/dags/select_data_mysql.py
[2024-05-20T12:02:36.370+0000] {processor.py:743} INFO - Processing file /opt/airflow/dags/select_data_mysql.py for tasks to queue
[2024-05-20T12:02:36.372+0000] {logging_mixin.py:137} INFO - [2024-05-20T12:02:36.371+0000] {dagbag.py:538} INFO - Filling up the DagBag from /opt/airflow/dags/select_data_mysql.py
[2024-05-20T12:02:36.460+0000] {processor.py:753} INFO - DAG(s) dict_keys(['op_mysql_example']) retrieved from /opt/airflow/dags/select_data_mysql.py
[2024-05-20T12:02:36.489+0000] {logging_mixin.py:137} INFO - [2024-05-20T12:02:36.489+0000] {dag.py:2690} INFO - Sync 1 DAGs
[2024-05-20T12:02:36.544+0000] {logging_mixin.py:137} INFO - [2024-05-20T12:02:36.543+0000] {dag.py:3437} INFO - Setting next_dagrun for op_mysql_example to 2024-05-20T00:00:00+00:00, run_after=2024-05-21T00:00:00+00:00
[2024-05-20T12:02:36.575+0000] {processor.py:175} INFO - Processing /opt/airflow/dags/select_data_mysql.py took 0.210 seconds
[2024-05-20T12:03:07.254+0000] {processor.py:153} INFO - Started process (PID=6952) to work on /opt/airflow/dags/select_data_mysql.py
[2024-05-20T12:03:07.255+0000] {processor.py:743} INFO - Processing file /opt/airflow/dags/select_data_mysql.py for tasks to queue
[2024-05-20T12:03:07.258+0000] {logging_mixin.py:137} INFO - [2024-05-20T12:03:07.258+0000] {dagbag.py:538} INFO - Filling up the DagBag from /opt/airflow/dags/select_data_mysql.py
[2024-05-20T12:03:07.369+0000] {processor.py:753} INFO - DAG(s) dict_keys(['op_mysql_example']) retrieved from /opt/airflow/dags/select_data_mysql.py
[2024-05-20T12:03:07.390+0000] {logging_mixin.py:137} INFO - [2024-05-20T12:03:07.389+0000] {dag.py:2690} INFO - Sync 1 DAGs
[2024-05-20T12:03:07.477+0000] {logging_mixin.py:137} INFO - [2024-05-20T12:03:07.477+0000] {dag.py:3437} INFO - Setting next_dagrun for op_mysql_example to 2024-05-20T00:00:00+00:00, run_after=2024-05-21T00:00:00+00:00
[2024-05-20T12:03:07.588+0000] {processor.py:175} INFO - Processing /opt/airflow/dags/select_data_mysql.py took 0.338 seconds
[2024-05-20T12:03:38.021+0000] {processor.py:153} INFO - Started process (PID=6977) to work on /opt/airflow/dags/select_data_mysql.py
[2024-05-20T12:03:38.023+0000] {processor.py:743} INFO - Processing file /opt/airflow/dags/select_data_mysql.py for tasks to queue
[2024-05-20T12:03:38.023+0000] {logging_mixin.py:137} INFO - [2024-05-20T12:03:38.023+0000] {dagbag.py:538} INFO - Filling up the DagBag from /opt/airflow/dags/select_data_mysql.py
[2024-05-20T12:03:38.084+0000] {processor.py:753} INFO - DAG(s) dict_keys(['op_mysql_example']) retrieved from /opt/airflow/dags/select_data_mysql.py
[2024-05-20T12:03:38.189+0000] {logging_mixin.py:137} INFO - [2024-05-20T12:03:38.189+0000] {dag.py:2690} INFO - Sync 1 DAGs
[2024-05-20T12:03:38.237+0000] {logging_mixin.py:137} INFO - [2024-05-20T12:03:38.237+0000] {dag.py:3437} INFO - Setting next_dagrun for op_mysql_example to 2024-05-20T00:00:00+00:00, run_after=2024-05-21T00:00:00+00:00
[2024-05-20T12:03:38.270+0000] {processor.py:175} INFO - Processing /opt/airflow/dags/select_data_mysql.py took 0.255 seconds
[2024-05-20T12:04:09.248+0000] {processor.py:153} INFO - Started process (PID=7002) to work on /opt/airflow/dags/select_data_mysql.py
[2024-05-20T12:04:09.250+0000] {processor.py:743} INFO - Processing file /opt/airflow/dags/select_data_mysql.py for tasks to queue
[2024-05-20T12:04:09.251+0000] {logging_mixin.py:137} INFO - [2024-05-20T12:04:09.251+0000] {dagbag.py:538} INFO - Filling up the DagBag from /opt/airflow/dags/select_data_mysql.py
[2024-05-20T12:04:09.361+0000] {processor.py:753} INFO - DAG(s) dict_keys(['op_mysql_example']) retrieved from /opt/airflow/dags/select_data_mysql.py
[2024-05-20T12:04:09.420+0000] {logging_mixin.py:137} INFO - [2024-05-20T12:04:09.420+0000] {dag.py:2690} INFO - Sync 1 DAGs
[2024-05-20T12:04:09.504+0000] {logging_mixin.py:137} INFO - [2024-05-20T12:04:09.493+0000] {dag.py:3437} INFO - Setting next_dagrun for op_mysql_example to 2024-05-20T00:00:00+00:00, run_after=2024-05-21T00:00:00+00:00
[2024-05-20T12:04:09.587+0000] {processor.py:175} INFO - Processing /opt/airflow/dags/select_data_mysql.py took 0.343 seconds
[2024-05-20T12:04:40.386+0000] {processor.py:153} INFO - Started process (PID=7027) to work on /opt/airflow/dags/select_data_mysql.py
[2024-05-20T12:04:40.391+0000] {processor.py:743} INFO - Processing file /opt/airflow/dags/select_data_mysql.py for tasks to queue
[2024-05-20T12:04:40.402+0000] {logging_mixin.py:137} INFO - [2024-05-20T12:04:40.402+0000] {dagbag.py:538} INFO - Filling up the DagBag from /opt/airflow/dags/select_data_mysql.py
[2024-05-20T12:04:40.509+0000] {processor.py:753} INFO - DAG(s) dict_keys(['op_mysql_example']) retrieved from /opt/airflow/dags/select_data_mysql.py
[2024-05-20T12:04:40.528+0000] {logging_mixin.py:137} INFO - [2024-05-20T12:04:40.526+0000] {dag.py:2690} INFO - Sync 1 DAGs
[2024-05-20T12:04:40.576+0000] {logging_mixin.py:137} INFO - [2024-05-20T12:04:40.575+0000] {dag.py:3437} INFO - Setting next_dagrun for op_mysql_example to 2024-05-20T00:00:00+00:00, run_after=2024-05-21T00:00:00+00:00
[2024-05-20T12:04:40.653+0000] {processor.py:175} INFO - Processing /opt/airflow/dags/select_data_mysql.py took 0.271 seconds
[2024-05-20T12:05:12.078+0000] {processor.py:153} INFO - Started process (PID=7052) to work on /opt/airflow/dags/select_data_mysql.py
[2024-05-20T12:05:12.087+0000] {processor.py:743} INFO - Processing file /opt/airflow/dags/select_data_mysql.py for tasks to queue
[2024-05-20T12:05:12.091+0000] {logging_mixin.py:137} INFO - [2024-05-20T12:05:12.091+0000] {dagbag.py:538} INFO - Filling up the DagBag from /opt/airflow/dags/select_data_mysql.py
[2024-05-20T12:05:12.295+0000] {processor.py:753} INFO - DAG(s) dict_keys(['op_mysql_example']) retrieved from /opt/airflow/dags/select_data_mysql.py
[2024-05-20T12:05:12.948+0000] {logging_mixin.py:137} INFO - [2024-05-20T12:05:12.947+0000] {dag.py:2690} INFO - Sync 1 DAGs
[2024-05-20T12:05:13.228+0000] {logging_mixin.py:137} INFO - [2024-05-20T12:05:13.228+0000] {dag.py:3437} INFO - Setting next_dagrun for op_mysql_example to 2024-05-20T00:00:00+00:00, run_after=2024-05-21T00:00:00+00:00
[2024-05-20T12:05:13.324+0000] {processor.py:175} INFO - Processing /opt/airflow/dags/select_data_mysql.py took 1.249 seconds
[2024-05-20T12:05:43.586+0000] {processor.py:153} INFO - Started process (PID=7077) to work on /opt/airflow/dags/select_data_mysql.py
[2024-05-20T12:05:43.590+0000] {processor.py:743} INFO - Processing file /opt/airflow/dags/select_data_mysql.py for tasks to queue
[2024-05-20T12:05:43.591+0000] {logging_mixin.py:137} INFO - [2024-05-20T12:05:43.590+0000] {dagbag.py:538} INFO - Filling up the DagBag from /opt/airflow/dags/select_data_mysql.py
[2024-05-20T12:05:43.736+0000] {processor.py:753} INFO - DAG(s) dict_keys(['op_mysql_example']) retrieved from /opt/airflow/dags/select_data_mysql.py
[2024-05-20T12:05:43.871+0000] {logging_mixin.py:137} INFO - [2024-05-20T12:05:43.871+0000] {dag.py:2690} INFO - Sync 1 DAGs
[2024-05-20T12:05:43.989+0000] {logging_mixin.py:137} INFO - [2024-05-20T12:05:43.989+0000] {dag.py:3437} INFO - Setting next_dagrun for op_mysql_example to 2024-05-20T00:00:00+00:00, run_after=2024-05-21T00:00:00+00:00
[2024-05-20T12:05:44.082+0000] {processor.py:175} INFO - Processing /opt/airflow/dags/select_data_mysql.py took 0.500 seconds
[2024-05-20T12:06:14.400+0000] {processor.py:153} INFO - Started process (PID=7102) to work on /opt/airflow/dags/select_data_mysql.py
[2024-05-20T12:06:14.402+0000] {processor.py:743} INFO - Processing file /opt/airflow/dags/select_data_mysql.py for tasks to queue
[2024-05-20T12:06:14.404+0000] {logging_mixin.py:137} INFO - [2024-05-20T12:06:14.404+0000] {dagbag.py:538} INFO - Filling up the DagBag from /opt/airflow/dags/select_data_mysql.py
[2024-05-20T12:06:14.582+0000] {processor.py:753} INFO - DAG(s) dict_keys(['op_mysql_example']) retrieved from /opt/airflow/dags/select_data_mysql.py
[2024-05-20T12:06:14.757+0000] {logging_mixin.py:137} INFO - [2024-05-20T12:06:14.757+0000] {dag.py:2690} INFO - Sync 1 DAGs
[2024-05-20T12:06:14.811+0000] {logging_mixin.py:137} INFO - [2024-05-20T12:06:14.811+0000] {dag.py:3437} INFO - Setting next_dagrun for op_mysql_example to 2024-05-20T00:00:00+00:00, run_after=2024-05-21T00:00:00+00:00
[2024-05-20T12:06:14.915+0000] {processor.py:175} INFO - Processing /opt/airflow/dags/select_data_mysql.py took 0.519 seconds
[2024-05-20T12:06:45.939+0000] {processor.py:153} INFO - Started process (PID=7127) to work on /opt/airflow/dags/select_data_mysql.py
[2024-05-20T12:06:45.946+0000] {processor.py:743} INFO - Processing file /opt/airflow/dags/select_data_mysql.py for tasks to queue
[2024-05-20T12:06:45.948+0000] {logging_mixin.py:137} INFO - [2024-05-20T12:06:45.947+0000] {dagbag.py:538} INFO - Filling up the DagBag from /opt/airflow/dags/select_data_mysql.py
[2024-05-20T12:06:46.219+0000] {processor.py:753} INFO - DAG(s) dict_keys(['op_mysql_example']) retrieved from /opt/airflow/dags/select_data_mysql.py
[2024-05-20T12:06:46.376+0000] {logging_mixin.py:137} INFO - [2024-05-20T12:06:46.358+0000] {dag.py:2690} INFO - Sync 1 DAGs
[2024-05-20T12:06:46.575+0000] {logging_mixin.py:137} INFO - [2024-05-20T12:06:46.574+0000] {dag.py:3437} INFO - Setting next_dagrun for op_mysql_example to 2024-05-20T00:00:00+00:00, run_after=2024-05-21T00:00:00+00:00
[2024-05-20T12:06:46.714+0000] {processor.py:175} INFO - Processing /opt/airflow/dags/select_data_mysql.py took 0.778 seconds
[2024-05-20T12:07:17.439+0000] {processor.py:153} INFO - Started process (PID=7152) to work on /opt/airflow/dags/select_data_mysql.py
[2024-05-20T12:07:17.450+0000] {processor.py:743} INFO - Processing file /opt/airflow/dags/select_data_mysql.py for tasks to queue
[2024-05-20T12:07:17.454+0000] {logging_mixin.py:137} INFO - [2024-05-20T12:07:17.454+0000] {dagbag.py:538} INFO - Filling up the DagBag from /opt/airflow/dags/select_data_mysql.py
[2024-05-20T12:07:17.685+0000] {processor.py:753} INFO - DAG(s) dict_keys(['op_mysql_example']) retrieved from /opt/airflow/dags/select_data_mysql.py
[2024-05-20T12:07:17.897+0000] {logging_mixin.py:137} INFO - [2024-05-20T12:07:17.892+0000] {dag.py:2690} INFO - Sync 1 DAGs
[2024-05-20T12:07:17.969+0000] {logging_mixin.py:137} INFO - [2024-05-20T12:07:17.969+0000] {dag.py:3437} INFO - Setting next_dagrun for op_mysql_example to 2024-05-20T00:00:00+00:00, run_after=2024-05-21T00:00:00+00:00
[2024-05-20T12:07:18.024+0000] {processor.py:175} INFO - Processing /opt/airflow/dags/select_data_mysql.py took 0.589 seconds
[2024-05-20T12:07:48.201+0000] {processor.py:153} INFO - Started process (PID=7182) to work on /opt/airflow/dags/select_data_mysql.py
[2024-05-20T12:07:48.202+0000] {processor.py:743} INFO - Processing file /opt/airflow/dags/select_data_mysql.py for tasks to queue
[2024-05-20T12:07:48.203+0000] {logging_mixin.py:137} INFO - [2024-05-20T12:07:48.203+0000] {dagbag.py:538} INFO - Filling up the DagBag from /opt/airflow/dags/select_data_mysql.py
[2024-05-20T12:07:48.281+0000] {processor.py:753} INFO - DAG(s) dict_keys(['op_mysql_example']) retrieved from /opt/airflow/dags/select_data_mysql.py
[2024-05-20T12:07:48.301+0000] {logging_mixin.py:137} INFO - [2024-05-20T12:07:48.300+0000] {dag.py:2690} INFO - Sync 1 DAGs
[2024-05-20T12:07:48.344+0000] {logging_mixin.py:137} INFO - [2024-05-20T12:07:48.344+0000] {dag.py:3437} INFO - Setting next_dagrun for op_mysql_example to 2024-05-20T00:00:00+00:00, run_after=2024-05-21T00:00:00+00:00
[2024-05-20T12:07:48.372+0000] {processor.py:175} INFO - Processing /opt/airflow/dags/select_data_mysql.py took 0.175 seconds
[2024-05-20T12:08:18.533+0000] {processor.py:153} INFO - Started process (PID=7207) to work on /opt/airflow/dags/select_data_mysql.py
[2024-05-20T12:08:18.534+0000] {processor.py:743} INFO - Processing file /opt/airflow/dags/select_data_mysql.py for tasks to queue
[2024-05-20T12:08:18.536+0000] {logging_mixin.py:137} INFO - [2024-05-20T12:08:18.536+0000] {dagbag.py:538} INFO - Filling up the DagBag from /opt/airflow/dags/select_data_mysql.py
[2024-05-20T12:08:18.612+0000] {processor.py:753} INFO - DAG(s) dict_keys(['op_mysql_example']) retrieved from /opt/airflow/dags/select_data_mysql.py
[2024-05-20T12:08:18.747+0000] {logging_mixin.py:137} INFO - [2024-05-20T12:08:18.746+0000] {dag.py:2690} INFO - Sync 1 DAGs
[2024-05-20T12:08:18.837+0000] {logging_mixin.py:137} INFO - [2024-05-20T12:08:18.836+0000] {dag.py:3437} INFO - Setting next_dagrun for op_mysql_example to 2024-05-20T00:00:00+00:00, run_after=2024-05-21T00:00:00+00:00
[2024-05-20T12:08:18.917+0000] {processor.py:175} INFO - Processing /opt/airflow/dags/select_data_mysql.py took 0.390 seconds
[2024-05-20T12:08:49.466+0000] {processor.py:153} INFO - Started process (PID=7227) to work on /opt/airflow/dags/select_data_mysql.py
[2024-05-20T12:08:49.473+0000] {processor.py:743} INFO - Processing file /opt/airflow/dags/select_data_mysql.py for tasks to queue
[2024-05-20T12:08:49.474+0000] {logging_mixin.py:137} INFO - [2024-05-20T12:08:49.474+0000] {dagbag.py:538} INFO - Filling up the DagBag from /opt/airflow/dags/select_data_mysql.py
[2024-05-20T12:08:49.698+0000] {processor.py:753} INFO - DAG(s) dict_keys(['op_mysql_example']) retrieved from /opt/airflow/dags/select_data_mysql.py
[2024-05-20T12:08:49.832+0000] {logging_mixin.py:137} INFO - [2024-05-20T12:08:49.831+0000] {dag.py:2690} INFO - Sync 1 DAGs
[2024-05-20T12:08:50.058+0000] {logging_mixin.py:137} INFO - [2024-05-20T12:08:50.058+0000] {dag.py:3437} INFO - Setting next_dagrun for op_mysql_example to 2024-05-20T00:00:00+00:00, run_after=2024-05-21T00:00:00+00:00
[2024-05-20T12:08:50.123+0000] {processor.py:175} INFO - Processing /opt/airflow/dags/select_data_mysql.py took 0.662 seconds
[2024-05-20T12:09:20.234+0000] {processor.py:153} INFO - Started process (PID=7252) to work on /opt/airflow/dags/select_data_mysql.py
[2024-05-20T12:09:20.235+0000] {processor.py:743} INFO - Processing file /opt/airflow/dags/select_data_mysql.py for tasks to queue
[2024-05-20T12:09:20.246+0000] {logging_mixin.py:137} INFO - [2024-05-20T12:09:20.246+0000] {dagbag.py:538} INFO - Filling up the DagBag from /opt/airflow/dags/select_data_mysql.py
[2024-05-20T12:09:20.361+0000] {processor.py:753} INFO - DAG(s) dict_keys(['op_mysql_example']) retrieved from /opt/airflow/dags/select_data_mysql.py
[2024-05-20T12:09:20.508+0000] {logging_mixin.py:137} INFO - [2024-05-20T12:09:20.507+0000] {dag.py:2690} INFO - Sync 1 DAGs
[2024-05-20T12:09:20.591+0000] {logging_mixin.py:137} INFO - [2024-05-20T12:09:20.590+0000] {dag.py:3437} INFO - Setting next_dagrun for op_mysql_example to 2024-05-20T00:00:00+00:00, run_after=2024-05-21T00:00:00+00:00
[2024-05-20T12:09:20.667+0000] {processor.py:175} INFO - Processing /opt/airflow/dags/select_data_mysql.py took 0.438 seconds
[2024-05-20T12:09:50.996+0000] {processor.py:153} INFO - Started process (PID=7277) to work on /opt/airflow/dags/select_data_mysql.py
[2024-05-20T12:09:51.001+0000] {processor.py:743} INFO - Processing file /opt/airflow/dags/select_data_mysql.py for tasks to queue
[2024-05-20T12:09:51.004+0000] {logging_mixin.py:137} INFO - [2024-05-20T12:09:51.003+0000] {dagbag.py:538} INFO - Filling up the DagBag from /opt/airflow/dags/select_data_mysql.py
[2024-05-20T12:09:51.058+0000] {processor.py:753} INFO - DAG(s) dict_keys(['op_mysql_example']) retrieved from /opt/airflow/dags/select_data_mysql.py
[2024-05-20T12:09:51.101+0000] {logging_mixin.py:137} INFO - [2024-05-20T12:09:51.101+0000] {dag.py:2690} INFO - Sync 1 DAGs
[2024-05-20T12:09:51.153+0000] {logging_mixin.py:137} INFO - [2024-05-20T12:09:51.153+0000] {dag.py:3437} INFO - Setting next_dagrun for op_mysql_example to 2024-05-20T00:00:00+00:00, run_after=2024-05-21T00:00:00+00:00
[2024-05-20T12:09:51.195+0000] {processor.py:175} INFO - Processing /opt/airflow/dags/select_data_mysql.py took 0.211 seconds
