[2024-05-19T16:31:18.341+0000] {taskinstance.py:1083} INFO - Dependencies all met for <TaskInstance: op_mysql_example.create_new_table manual__2024-05-19T16:31:15.541799+00:00 [queued]>
[2024-05-19T16:31:18.355+0000] {taskinstance.py:1083} INFO - Dependencies all met for <TaskInstance: op_mysql_example.create_new_table manual__2024-05-19T16:31:15.541799+00:00 [queued]>
[2024-05-19T16:31:18.356+0000] {taskinstance.py:1279} INFO - 
--------------------------------------------------------------------------------
[2024-05-19T16:31:18.357+0000] {taskinstance.py:1280} INFO - Starting attempt 1 of 1
[2024-05-19T16:31:18.357+0000] {taskinstance.py:1281} INFO - 
--------------------------------------------------------------------------------
[2024-05-19T16:31:18.373+0000] {taskinstance.py:1300} INFO - Executing <Task(MySqlOperator): create_new_table> on 2024-05-19 16:31:15.541799+00:00
[2024-05-19T16:31:18.381+0000] {standard_task_runner.py:55} INFO - Started process 1942 to run task
[2024-05-19T16:31:18.384+0000] {standard_task_runner.py:82} INFO - Running: ['***', 'tasks', 'run', 'op_mysql_example', 'create_new_table', 'manual__2024-05-19T16:31:15.541799+00:00', '--job-id', '23', '--raw', '--subdir', 'DAGS_FOLDER/op_mysql.py', '--cfg-path', '/tmp/tmppj012hb9']
[2024-05-19T16:31:18.386+0000] {standard_task_runner.py:83} INFO - Job 23: Subtask create_new_table
[2024-05-19T16:31:18.539+0000] {task_command.py:388} INFO - Running <TaskInstance: op_mysql_example.create_new_table manual__2024-05-19T16:31:15.541799+00:00 [running]> on host 92eda483e798
[2024-05-19T16:31:18.710+0000] {taskinstance.py:1507} INFO - Exporting the following env vars:
AIRFLOW_CTX_DAG_OWNER=***
AIRFLOW_CTX_DAG_ID=op_mysql_example
AIRFLOW_CTX_TASK_ID=create_new_table
AIRFLOW_CTX_EXECUTION_DATE=2024-05-19T16:31:15.541799+00:00
AIRFLOW_CTX_TRY_NUMBER=1
AIRFLOW_CTX_DAG_RUN_ID=manual__2024-05-19T16:31:15.541799+00:00
[2024-05-19T16:31:18.719+0000] {sql.py:254} INFO - Executing: CREATE TABLE IF NOT EXISTS students (student_id INT AUTO_INCREMENT PRIMARY KEY, name VARCHAR(256));
[2024-05-19T16:31:18.796+0000] {base.py:73} INFO - Using connection ID '***_conn' for task execution.
[2024-05-19T16:31:19.924+0000] {base.py:73} INFO - Using connection ID '***_conn' for task execution.
[2024-05-19T16:31:20.129+0000] {sql.py:375} INFO - Running statement: CREATE TABLE IF NOT EXISTS students (student_id INT AUTO_INCREMENT PRIMARY KEY, name VARCHAR(256));, parameters: None
[2024-05-19T16:31:20.135+0000] {taskinstance.py:1768} ERROR - Task failed with exception
Traceback (most recent call last):
  File "/home/airflow/.local/lib/python3.10/site-packages/airflow/providers/common/sql/operators/sql.py", line 260, in execute
    output = hook.run(
  File "/home/airflow/.local/lib/python3.10/site-packages/airflow/providers/common/sql/hooks/sql.py", line 349, in run
    self._run_command(cur, sql_statement, parameters)
  File "/home/airflow/.local/lib/python3.10/site-packages/airflow/providers/common/sql/hooks/sql.py", line 380, in _run_command
    cur.execute(sql_statement)
  File "/home/airflow/.local/lib/python3.10/site-packages/MySQLdb/cursors.py", line 206, in execute
    res = self._query(query)
  File "/home/airflow/.local/lib/python3.10/site-packages/MySQLdb/cursors.py", line 319, in _query
    db.query(q)
  File "/home/airflow/.local/lib/python3.10/site-packages/MySQLdb/connections.py", line 254, in query
    _mysql.connection.query(self, query)
MySQLdb.OperationalError: (1046, 'No database selected')
[2024-05-19T16:31:20.152+0000] {taskinstance.py:1318} INFO - Marking task as FAILED. dag_id=op_***_example, task_id=create_new_table, execution_date=20240519T163115, start_date=20240519T163118, end_date=20240519T163120
[2024-05-19T16:31:20.190+0000] {standard_task_runner.py:100} ERROR - Failed to execute job 23 for task create_new_table ((1046, 'No database selected'); 1942)
[2024-05-19T16:31:20.256+0000] {local_task_job.py:208} INFO - Task exited with return code 1
[2024-05-19T16:31:20.285+0000] {taskinstance.py:2578} INFO - 0 downstream tasks scheduled from follow-on schedule check
