[2024-05-20T03:01:07.240+0000] {taskinstance.py:1083} INFO - Dependencies all met for <TaskInstance: op_mysql_example.create_new_table scheduled__2024-05-19T00:00:00+00:00 [queued]>
[2024-05-20T03:01:07.264+0000] {taskinstance.py:1083} INFO - Dependencies all met for <TaskInstance: op_mysql_example.create_new_table scheduled__2024-05-19T00:00:00+00:00 [queued]>
[2024-05-20T03:01:07.264+0000] {taskinstance.py:1279} INFO - 
--------------------------------------------------------------------------------
[2024-05-20T03:01:07.265+0000] {taskinstance.py:1280} INFO - Starting attempt 1 of 1
[2024-05-20T03:01:07.265+0000] {taskinstance.py:1281} INFO - 
--------------------------------------------------------------------------------
[2024-05-20T03:01:07.300+0000] {taskinstance.py:1300} INFO - Executing <Task(MySqlOperator): create_new_table> on 2024-05-19 00:00:00+00:00
[2024-05-20T03:01:07.312+0000] {standard_task_runner.py:55} INFO - Started process 224 to run task
[2024-05-20T03:01:07.330+0000] {standard_task_runner.py:82} INFO - Running: ['***', 'tasks', 'run', 'op_mysql_example', 'create_new_table', 'scheduled__2024-05-19T00:00:00+00:00', '--job-id', '27', '--raw', '--subdir', 'DAGS_FOLDER/op_mysql.py', '--cfg-path', '/tmp/tmp9oz88czc']
[2024-05-20T03:01:07.339+0000] {standard_task_runner.py:83} INFO - Job 27: Subtask create_new_table
[2024-05-20T03:01:07.572+0000] {task_command.py:388} INFO - Running <TaskInstance: op_mysql_example.create_new_table scheduled__2024-05-19T00:00:00+00:00 [running]> on host 92eda483e798
[2024-05-20T03:01:07.782+0000] {taskinstance.py:1507} INFO - Exporting the following env vars:
AIRFLOW_CTX_DAG_OWNER=***
AIRFLOW_CTX_DAG_ID=op_mysql_example
AIRFLOW_CTX_TASK_ID=create_new_table
AIRFLOW_CTX_EXECUTION_DATE=2024-05-19T00:00:00+00:00
AIRFLOW_CTX_TRY_NUMBER=1
AIRFLOW_CTX_DAG_RUN_ID=scheduled__2024-05-19T00:00:00+00:00
[2024-05-20T03:01:07.786+0000] {sql.py:254} INFO - Executing: CREATE TABLE IF NOT EXISTS students (student_id INT AUTO_INCREMENT PRIMARY KEY, name VARCHAR(256));
[2024-05-20T03:01:07.831+0000] {base.py:73} INFO - Using connection ID '***_conn' for task execution.
[2024-05-20T03:01:09.258+0000] {base.py:73} INFO - Using connection ID '***_conn' for task execution.
[2024-05-20T03:01:09.385+0000] {sql.py:375} INFO - Running statement: CREATE TABLE IF NOT EXISTS students (student_id INT AUTO_INCREMENT PRIMARY KEY, name VARCHAR(256));, parameters: None
[2024-05-20T03:01:09.395+0000] {sql.py:384} INFO - Rows affected: 0
[2024-05-20T03:01:09.419+0000] {taskinstance.py:1318} INFO - Marking task as SUCCESS. dag_id=op_***_example, task_id=create_new_table, execution_date=20240519T000000, start_date=20240520T030107, end_date=20240520T030109
[2024-05-20T03:01:09.494+0000] {local_task_job.py:208} INFO - Task exited with return code 0
[2024-05-20T03:01:09.525+0000] {taskinstance.py:2578} INFO - 1 downstream tasks scheduled from follow-on schedule check
